2023-03-31 10:42:15.370  INFO 8244 --- [main] com.pws.admin.AdminApplication           : Starting AdminApplication using Java 19.0.2 on pwa52 with PID 8244 (/home/user/Downloads/admin/target/classes started by user in /home/user/Downloads/admin)
2023-03-31 10:42:15.389  INFO 8244 --- [main] com.pws.admin.AdminApplication           : No active profile set, falling back to 1 default profile: "default"
2023-03-31 10:42:17.506  INFO 8244 --- [main] .s.d.r.c.RepositoryConfigurationDelegate : Bootstrapping Spring Data JPA repositories in DEFAULT mode.
2023-03-31 10:42:17.776  INFO 8244 --- [main] .s.d.r.c.RepositoryConfigurationDelegate : Finished Spring Data repository scanning in 259 ms. Found 5 JPA repository interfaces.
2023-03-31 10:42:18.257  INFO 8244 --- [main] o.s.cloud.context.scope.GenericScope     : BeanFactory id=b397db77-6bb8-3ed0-afdf-d638ebdf3669
2023-03-31 10:42:19.087  INFO 8244 --- [main] o.s.b.w.embedded.tomcat.TomcatWebServer  : Tomcat initialized with port(s): 8082 (http)
2023-03-31 10:42:19.098  INFO 8244 --- [main] o.apache.catalina.core.StandardService   : Starting service [Tomcat]
2023-03-31 10:42:19.099  INFO 8244 --- [main] org.apache.catalina.core.StandardEngine  : Starting Servlet engine: [Apache Tomcat/9.0.71]
2023-03-31 10:42:19.390  INFO 8244 --- [main] o.a.c.c.C.[Tomcat].[localhost].[/]       : Initializing Spring embedded WebApplicationContext
2023-03-31 10:42:19.391  INFO 8244 --- [main] w.s.c.ServletWebServerApplicationContext : Root WebApplicationContext: initialization completed in 3787 ms
2023-03-31 10:42:19.923  INFO 8244 --- [main] o.hibernate.jpa.internal.util.LogHelper  : HHH000204: Processing PersistenceUnitInfo [name: default]
2023-03-31 10:42:19.971  INFO 8244 --- [main] org.hibernate.Version                    : HHH000412: Hibernate ORM core version 5.6.14.Final
2023-03-31 10:42:20.146  INFO 8244 --- [main] o.hibernate.annotations.common.Version   : HCANN000001: Hibernate Commons Annotations {5.1.2.Final}
2023-03-31 10:42:20.279  INFO 8244 --- [main] com.zaxxer.hikari.HikariDataSource       : HikariPool-1 - Starting...
2023-03-31 10:42:20.695  INFO 8244 --- [main] com.zaxxer.hikari.HikariDataSource       : HikariPool-1 - Start completed.
2023-03-31 10:42:20.721  INFO 8244 --- [main] org.hibernate.dialect.Dialect            : HHH000400: Using dialect: org.hibernate.dialect.MySQL5Dialect
2023-03-31 10:42:22.262  INFO 8244 --- [main] o.h.e.t.j.p.i.JtaPlatformInitiator       : HHH000490: Using JtaPlatform implementation: [org.hibernate.engine.transaction.jta.platform.internal.NoJtaPlatform]
2023-03-31 10:42:22.281  INFO 8244 --- [main] j.LocalContainerEntityManagerFactoryBean : Initialized JPA EntityManagerFactory for persistence unit 'default'
2023-03-31 10:42:23.462  WARN 8244 --- [main] JpaBaseConfiguration$JpaWebConfiguration : spring.jpa.open-in-view is enabled by default. Therefore, database queries may be performed during view rendering. Explicitly configure spring.jpa.open-in-view to disable this warning
2023-03-31 10:42:23.717  INFO 8244 --- [main] o.s.s.web.DefaultSecurityFilterChain     : Will secure any request with [org.springframework.security.web.session.DisableEncodeUrlFilter@5fb58f15, org.springframework.security.web.context.request.async.WebAsyncManagerIntegrationFilter@1f8ac459, org.springframework.security.web.context.SecurityContextPersistenceFilter@6441cff1, org.springframework.security.web.header.HeaderWriterFilter@375682a5, org.springframework.security.web.authentication.logout.LogoutFilter@15e881c0, com.pws.admin.jwtconfiguration.JwtFilter@7c928399, org.springframework.security.web.savedrequest.RequestCacheAwareFilter@4f09d998, org.springframework.security.web.servletapi.SecurityContextHolderAwareRequestFilter@674c01ce, org.springframework.security.web.authentication.AnonymousAuthenticationFilter@7d43c89f, org.springframework.security.web.session.SessionManagementFilter@68a1bb31, org.springframework.security.web.access.ExceptionTranslationFilter@368e7d3a, org.springframework.security.web.access.intercept.FilterSecurityInterceptor@4e58eda2]
2023-03-31 10:42:26.682  INFO 8244 --- [main] o.s.cloud.commons.util.InetUtils         : Cannot determine local hostname
2023-03-31 10:42:28.084  INFO 8244 --- [main] o.s.cloud.commons.util.InetUtils         : Cannot determine local hostname
2023-03-31 10:42:28.101  INFO 8244 --- [main] DiscoveryClientOptionalArgsConfiguration : Eureka HTTP Client uses Jersey
2023-03-31 10:42:28.277  WARN 8244 --- [main] iguration$LoadBalancerCaffeineWarnLogger : Spring Cloud LoadBalancer is currently working with the default cache. While this cache implementation is useful for development and tests, it's recommended to use Caffeine cache in production.You can switch to using Caffeine cache, by adding it and org.springframework.cache.caffeine.CaffeineCacheManager to the classpath.
2023-03-31 10:42:28.293  INFO 8244 --- [main] o.s.b.a.e.web.EndpointLinksResolver      : Exposing 1 endpoint(s) beneath base path '/actuator'
2023-03-31 10:42:28.364  INFO 8244 --- [main] o.s.c.n.eureka.InstanceInfoFactory       : Setting initial instance status as: STARTING
2023-03-31 10:42:28.515  INFO 8244 --- [main] com.netflix.discovery.DiscoveryClient    : Initializing Eureka in region us-east-1
2023-03-31 10:42:28.676  INFO 8244 --- [main] c.n.d.provider.DiscoveryJerseyProvider   : Using JSON encoding codec LegacyJacksonJson
2023-03-31 10:42:28.677  INFO 8244 --- [main] c.n.d.provider.DiscoveryJerseyProvider   : Using JSON decoding codec LegacyJacksonJson
2023-03-31 10:42:29.033  INFO 8244 --- [main] c.n.d.provider.DiscoveryJerseyProvider   : Using XML encoding codec XStreamXml
2023-03-31 10:42:29.034  INFO 8244 --- [main] c.n.d.provider.DiscoveryJerseyProvider   : Using XML decoding codec XStreamXml
2023-03-31 10:42:29.299  INFO 8244 --- [main] c.n.d.s.r.aws.ConfigClusterResolver      : Resolving eureka endpoints via configuration
2023-03-31 10:42:29.321  INFO 8244 --- [main] com.netflix.discovery.DiscoveryClient    : Disable delta property : false
2023-03-31 10:42:29.321  INFO 8244 --- [main] com.netflix.discovery.DiscoveryClient    : Single vip registry refresh property : null
2023-03-31 10:42:29.321  INFO 8244 --- [main] com.netflix.discovery.DiscoveryClient    : Force full registry fetch : false
2023-03-31 10:42:29.321  INFO 8244 --- [main] com.netflix.discovery.DiscoveryClient    : Application is null : false
2023-03-31 10:42:29.322  INFO 8244 --- [main] com.netflix.discovery.DiscoveryClient    : Registered Applications size is zero : true
2023-03-31 10:42:29.322  INFO 8244 --- [main] com.netflix.discovery.DiscoveryClient    : Application version is -1: true
2023-03-31 10:42:29.322  INFO 8244 --- [main] com.netflix.discovery.DiscoveryClient    : Getting all instance registry info from the eureka server
2023-03-31 10:42:29.533  INFO 8244 --- [main] com.netflix.discovery.DiscoveryClient    : The response status is 200
2023-03-31 10:42:29.539  INFO 8244 --- [main] com.netflix.discovery.DiscoveryClient    : Starting heartbeat executor: renew interval is: 30
2023-03-31 10:42:29.545  INFO 8244 --- [main] c.n.discovery.InstanceInfoReplicator     : InstanceInfoReplicator onDemand update allowed rate per min is 4
2023-03-31 10:42:29.555  INFO 8244 --- [main] com.netflix.discovery.DiscoveryClient    : Discovery Client initialized at timestamp 1680239549552 with initial instances count: 1
2023-03-31 10:42:29.561  INFO 8244 --- [main] o.s.c.n.e.s.EurekaServiceRegistry        : Registering application ADMIN-SERVICE with eureka with status UP
2023-03-31 10:42:29.563  INFO 8244 --- [main] com.netflix.discovery.DiscoveryClient    : Saw local status change event StatusChangeEvent [timestamp=1680239549563, current=UP, previous=STARTING]
2023-03-31 10:42:29.567  INFO 8244 --- [DiscoveryClient-InstanceInfoReplicator-0] com.netflix.discovery.DiscoveryClient    : DiscoveryClient_ADMIN-SERVICE/localhost:admin-service:8082: registering service...
2023-03-31 10:42:29.615  INFO 8244 --- [main] o.s.b.w.embedded.tomcat.TomcatWebServer  : Tomcat started on port(s): 8082 (http) with context path ''
2023-03-31 10:42:29.619  INFO 8244 --- [main] .s.c.n.e.s.EurekaAutoServiceRegistration : Updating port to 8082
2023-03-31 10:42:29.620  INFO 8244 --- [DiscoveryClient-InstanceInfoReplicator-0] com.netflix.discovery.DiscoveryClient    : DiscoveryClient_ADMIN-SERVICE/localhost:admin-service:8082 - registration status: 204
2023-03-31 10:42:30.620  INFO 8244 --- [main] o.s.cloud.commons.util.InetUtils         : Cannot determine local hostname
2023-03-31 10:42:30.648  INFO 8244 --- [main] com.pws.admin.AdminApplication           : Started AdminApplication in 22.23 seconds (JVM running for 23.151)
2023-03-31 10:44:25.963  INFO 8244 --- [SpringApplicationShutdownHook] o.s.c.n.e.s.EurekaServiceRegistry        : Unregistering application ADMIN-SERVICE with eureka with status DOWN
2023-03-31 10:44:25.964  INFO 8244 --- [SpringApplicationShutdownHook] com.netflix.discovery.DiscoveryClient    : Saw local status change event StatusChangeEvent [timestamp=1680239665964, current=DOWN, previous=UP]
2023-03-31 10:44:25.965  INFO 8244 --- [DiscoveryClient-InstanceInfoReplicator-0] com.netflix.discovery.DiscoveryClient    : DiscoveryClient_ADMIN-SERVICE/localhost:admin-service:8082: registering service...
2023-03-31 10:44:25.979  INFO 8244 --- [DiscoveryClient-InstanceInfoReplicator-0] com.netflix.discovery.DiscoveryClient    : DiscoveryClient_ADMIN-SERVICE/localhost:admin-service:8082 - registration status: 204
2023-03-31 10:44:26.030  INFO 8244 --- [SpringApplicationShutdownHook] j.LocalContainerEntityManagerFactoryBean : Closing JPA EntityManagerFactory for persistence unit 'default'
2023-03-31 10:44:26.039  INFO 8244 --- [SpringApplicationShutdownHook] com.zaxxer.hikari.HikariDataSource       : HikariPool-1 - Shutdown initiated...
2023-03-31 10:44:26.052  INFO 8244 --- [SpringApplicationShutdownHook] com.zaxxer.hikari.HikariDataSource       : HikariPool-1 - Shutdown completed.
2023-03-31 10:44:26.053  INFO 8244 --- [SpringApplicationShutdownHook] com.netflix.discovery.DiscoveryClient    : Shutting down DiscoveryClient ...
2023-03-31 10:44:29.056  INFO 8244 --- [SpringApplicationShutdownHook] com.netflix.discovery.DiscoveryClient    : Unregistering ...
2023-03-31 10:44:29.069  INFO 8244 --- [SpringApplicationShutdownHook] com.netflix.discovery.DiscoveryClient    : DiscoveryClient_ADMIN-SERVICE/localhost:admin-service:8082 - deregister  status: 200
2023-03-31 10:44:29.104  INFO 8244 --- [SpringApplicationShutdownHook] com.netflix.discovery.DiscoveryClient    : Completed shut down of DiscoveryClient
2023-03-31 10:44:45.107  INFO 8557 --- [main] com.pws.admin.AdminApplication           : Starting AdminApplication using Java 19.0.2 on pwa52 with PID 8557 (/home/user/Downloads/admin/target/classes started by user in /home/user/Downloads/admin)
2023-03-31 10:44:45.112  INFO 8557 --- [main] com.pws.admin.AdminApplication           : No active profile set, falling back to 1 default profile: "default"
2023-03-31 10:44:47.347  INFO 8557 --- [main] .s.d.r.c.RepositoryConfigurationDelegate : Bootstrapping Spring Data JPA repositories in DEFAULT mode.
2023-03-31 10:44:47.638  INFO 8557 --- [main] .s.d.r.c.RepositoryConfigurationDelegate : Finished Spring Data repository scanning in 267 ms. Found 5 JPA repository interfaces.
2023-03-31 10:44:48.035  INFO 8557 --- [main] o.s.cloud.context.scope.GenericScope     : BeanFactory id=b397db77-6bb8-3ed0-afdf-d638ebdf3669
2023-03-31 10:44:48.754  INFO 8557 --- [main] o.s.b.w.embedded.tomcat.TomcatWebServer  : Tomcat initialized with port(s): 8082 (http)
2023-03-31 10:44:48.771  INFO 8557 --- [main] o.apache.catalina.core.StandardService   : Starting service [Tomcat]
2023-03-31 10:44:48.772  INFO 8557 --- [main] org.apache.catalina.core.StandardEngine  : Starting Servlet engine: [Apache Tomcat/9.0.71]
2023-03-31 10:44:49.076  INFO 8557 --- [main] o.a.c.c.C.[Tomcat].[localhost].[/]       : Initializing Spring embedded WebApplicationContext
2023-03-31 10:44:49.076  INFO 8557 --- [main] w.s.c.ServletWebServerApplicationContext : Root WebApplicationContext: initialization completed in 3830 ms
2023-03-31 10:44:49.657  INFO 8557 --- [main] o.hibernate.jpa.internal.util.LogHelper  : HHH000204: Processing PersistenceUnitInfo [name: default]
2023-03-31 10:44:49.711  INFO 8557 --- [main] org.hibernate.Version                    : HHH000412: Hibernate ORM core version 5.6.14.Final
2023-03-31 10:44:49.949  INFO 8557 --- [main] o.hibernate.annotations.common.Version   : HCANN000001: Hibernate Commons Annotations {5.1.2.Final}
2023-03-31 10:44:50.110  INFO 8557 --- [main] com.zaxxer.hikari.HikariDataSource       : HikariPool-1 - Starting...
2023-03-31 10:44:50.610  INFO 8557 --- [main] com.zaxxer.hikari.HikariDataSource       : HikariPool-1 - Start completed.
2023-03-31 10:44:50.629  INFO 8557 --- [main] org.hibernate.dialect.Dialect            : HHH000400: Using dialect: org.hibernate.dialect.MySQL5Dialect
2023-03-31 10:44:52.193  INFO 8557 --- [main] o.h.e.t.j.p.i.JtaPlatformInitiator       : HHH000490: Using JtaPlatform implementation: [org.hibernate.engine.transaction.jta.platform.internal.NoJtaPlatform]
2023-03-31 10:44:52.203  INFO 8557 --- [main] j.LocalContainerEntityManagerFactoryBean : Initialized JPA EntityManagerFactory for persistence unit 'default'
2023-03-31 10:44:53.412  WARN 8557 --- [main] JpaBaseConfiguration$JpaWebConfiguration : spring.jpa.open-in-view is enabled by default. Therefore, database queries may be performed during view rendering. Explicitly configure spring.jpa.open-in-view to disable this warning
2023-03-31 10:44:53.692  INFO 8557 --- [main] o.s.s.web.DefaultSecurityFilterChain     : Will secure any request with [org.springframework.security.web.session.DisableEncodeUrlFilter@1235732d, org.springframework.security.web.context.request.async.WebAsyncManagerIntegrationFilter@369d624d, org.springframework.security.web.context.SecurityContextPersistenceFilter@197da701, org.springframework.security.web.header.HeaderWriterFilter@39303a6, org.springframework.security.web.authentication.logout.LogoutFilter@40e41f88, com.pws.admin.jwtconfiguration.JwtFilter@1c149539, org.springframework.security.web.savedrequest.RequestCacheAwareFilter@77737e3e, org.springframework.security.web.servletapi.SecurityContextHolderAwareRequestFilter@5c450960, org.springframework.security.web.authentication.AnonymousAuthenticationFilter@54644470, org.springframework.security.web.session.SessionManagementFilter@33f3ebfc, org.springframework.security.web.access.ExceptionTranslationFilter@cbd3871, org.springframework.security.web.access.intercept.FilterSecurityInterceptor@75c095a5]
2023-03-31 10:44:56.916  INFO 8557 --- [main] o.s.cloud.commons.util.InetUtils         : Cannot determine local hostname
2023-03-31 10:44:58.398  INFO 8557 --- [main] o.s.cloud.commons.util.InetUtils         : Cannot determine local hostname
2023-03-31 10:44:58.421  INFO 8557 --- [main] DiscoveryClientOptionalArgsConfiguration : Eureka HTTP Client uses Jersey
2023-03-31 10:44:58.577  WARN 8557 --- [main] iguration$LoadBalancerCaffeineWarnLogger : Spring Cloud LoadBalancer is currently working with the default cache. While this cache implementation is useful for development and tests, it's recommended to use Caffeine cache in production.You can switch to using Caffeine cache, by adding it and org.springframework.cache.caffeine.CaffeineCacheManager to the classpath.
2023-03-31 10:44:58.587  INFO 8557 --- [main] o.s.b.a.e.web.EndpointLinksResolver      : Exposing 1 endpoint(s) beneath base path '/actuator'
2023-03-31 10:44:58.654  INFO 8557 --- [main] o.s.c.n.eureka.InstanceInfoFactory       : Setting initial instance status as: STARTING
2023-03-31 10:44:58.803  INFO 8557 --- [main] com.netflix.discovery.DiscoveryClient    : Initializing Eureka in region us-east-1
2023-03-31 10:44:58.987  INFO 8557 --- [main] c.n.d.provider.DiscoveryJerseyProvider   : Using JSON encoding codec LegacyJacksonJson
2023-03-31 10:44:58.988  INFO 8557 --- [main] c.n.d.provider.DiscoveryJerseyProvider   : Using JSON decoding codec LegacyJacksonJson
2023-03-31 10:44:59.380  INFO 8557 --- [main] c.n.d.provider.DiscoveryJerseyProvider   : Using XML encoding codec XStreamXml
2023-03-31 10:44:59.380  INFO 8557 --- [main] c.n.d.provider.DiscoveryJerseyProvider   : Using XML decoding codec XStreamXml
2023-03-31 10:44:59.659  INFO 8557 --- [main] c.n.d.s.r.aws.ConfigClusterResolver      : Resolving eureka endpoints via configuration
2023-03-31 10:44:59.682  INFO 8557 --- [main] com.netflix.discovery.DiscoveryClient    : Disable delta property : false
2023-03-31 10:44:59.683  INFO 8557 --- [main] com.netflix.discovery.DiscoveryClient    : Single vip registry refresh property : null
2023-03-31 10:44:59.683  INFO 8557 --- [main] com.netflix.discovery.DiscoveryClient    : Force full registry fetch : false
2023-03-31 10:44:59.684  INFO 8557 --- [main] com.netflix.discovery.DiscoveryClient    : Application is null : false
2023-03-31 10:44:59.684  INFO 8557 --- [main] com.netflix.discovery.DiscoveryClient    : Registered Applications size is zero : true
2023-03-31 10:44:59.684  INFO 8557 --- [main] com.netflix.discovery.DiscoveryClient    : Application version is -1: true
2023-03-31 10:44:59.684  INFO 8557 --- [main] com.netflix.discovery.DiscoveryClient    : Getting all instance registry info from the eureka server
2023-03-31 10:44:59.837  INFO 8557 --- [main] com.netflix.discovery.DiscoveryClient    : The response status is 200
2023-03-31 10:44:59.839  INFO 8557 --- [main] com.netflix.discovery.DiscoveryClient    : Starting heartbeat executor: renew interval is: 30
2023-03-31 10:44:59.843  INFO 8557 --- [main] c.n.discovery.InstanceInfoReplicator     : InstanceInfoReplicator onDemand update allowed rate per min is 4
2023-03-31 10:44:59.847  INFO 8557 --- [main] com.netflix.discovery.DiscoveryClient    : Discovery Client initialized at timestamp 1680239699846 with initial instances count: 0
2023-03-31 10:44:59.850  INFO 8557 --- [main] o.s.c.n.e.s.EurekaServiceRegistry        : Registering application ADMIN-SERVICE with eureka with status UP
2023-03-31 10:44:59.851  INFO 8557 --- [main] com.netflix.discovery.DiscoveryClient    : Saw local status change event StatusChangeEvent [timestamp=1680239699851, current=UP, previous=STARTING]
2023-03-31 10:44:59.853  INFO 8557 --- [DiscoveryClient-InstanceInfoReplicator-0] com.netflix.discovery.DiscoveryClient    : DiscoveryClient_ADMIN-SERVICE/localhost:admin-service:8082: registering service...
2023-03-31 10:44:59.994  INFO 8557 --- [DiscoveryClient-InstanceInfoReplicator-0] com.netflix.discovery.DiscoveryClient    : DiscoveryClient_ADMIN-SERVICE/localhost:admin-service:8082 - registration status: 204
2023-03-31 10:45:00.000  INFO 8557 --- [main] o.s.b.w.embedded.tomcat.TomcatWebServer  : Tomcat started on port(s): 8082 (http) with context path ''
2023-03-31 10:45:00.001  INFO 8557 --- [main] .s.c.n.e.s.EurekaAutoServiceRegistration : Updating port to 8082
2023-03-31 10:45:01.003  INFO 8557 --- [main] o.s.cloud.commons.util.InetUtils         : Cannot determine local hostname
2023-03-31 10:45:01.052  INFO 8557 --- [main] com.pws.admin.AdminApplication           : Started AdminApplication in 23.641 seconds (JVM running for 25.135)
2023-03-31 10:45:29.840  INFO 8557 --- [DiscoveryClient-CacheRefreshExecutor-0] com.netflix.discovery.DiscoveryClient    : Disable delta property : false
2023-03-31 10:45:29.841  INFO 8557 --- [DiscoveryClient-CacheRefreshExecutor-0] com.netflix.discovery.DiscoveryClient    : Single vip registry refresh property : null
2023-03-31 10:45:29.841  INFO 8557 --- [DiscoveryClient-CacheRefreshExecutor-0] com.netflix.discovery.DiscoveryClient    : Force full registry fetch : false
2023-03-31 10:45:29.841  INFO 8557 --- [DiscoveryClient-CacheRefreshExecutor-0] com.netflix.discovery.DiscoveryClient    : Application is null : false
2023-03-31 10:45:29.842  INFO 8557 --- [DiscoveryClient-CacheRefreshExecutor-0] com.netflix.discovery.DiscoveryClient    : Registered Applications size is zero : true
2023-03-31 10:45:29.842  INFO 8557 --- [DiscoveryClient-CacheRefreshExecutor-0] com.netflix.discovery.DiscoveryClient    : Application version is -1: false
2023-03-31 10:45:29.842  INFO 8557 --- [DiscoveryClient-CacheRefreshExecutor-0] com.netflix.discovery.DiscoveryClient    : Getting all instance registry info from the eureka server
2023-03-31 10:45:29.913  INFO 8557 --- [DiscoveryClient-CacheRefreshExecutor-0] com.netflix.discovery.DiscoveryClient    : The response status is 200
2023-03-31 10:45:35.827  INFO 8557 --- [http-nio-8082-exec-1] o.a.c.c.C.[Tomcat].[localhost].[/]       : Initializing Spring DispatcherServlet 'dispatcherServlet'
2023-03-31 10:45:35.828  INFO 8557 --- [http-nio-8082-exec-1] o.s.web.servlet.DispatcherServlet        : Initializing Servlet 'dispatcherServlet'
2023-03-31 10:45:35.830  INFO 8557 --- [http-nio-8082-exec-1] o.s.web.servlet.DispatcherServlet        : Completed initialization in 2 ms
2023-03-31 10:49:59.687  INFO 8557 --- [AsyncResolver-bootstrap-executor-0] c.n.d.s.r.aws.ConfigClusterResolver      : Resolving eureka endpoints via configuration
2023-03-31 10:54:59.688  INFO 8557 --- [AsyncResolver-bootstrap-executor-0] c.n.d.s.r.aws.ConfigClusterResolver      : Resolving eureka endpoints via configuration
2023-03-31 10:59:59.689  INFO 8557 --- [AsyncResolver-bootstrap-executor-0] c.n.d.s.r.aws.ConfigClusterResolver      : Resolving eureka endpoints via configuration
2023-03-31 11:04:59.691  INFO 8557 --- [AsyncResolver-bootstrap-executor-0] c.n.d.s.r.aws.ConfigClusterResolver      : Resolving eureka endpoints via configuration
2023-03-31 11:09:59.692  INFO 8557 --- [AsyncResolver-bootstrap-executor-0] c.n.d.s.r.aws.ConfigClusterResolver      : Resolving eureka endpoints via configuration
2023-03-31 11:14:59.693  INFO 8557 --- [AsyncResolver-bootstrap-executor-0] c.n.d.s.r.aws.ConfigClusterResolver      : Resolving eureka endpoints via configuration
2023-03-31 11:19:59.694  INFO 8557 --- [AsyncResolver-bootstrap-executor-0] c.n.d.s.r.aws.ConfigClusterResolver      : Resolving eureka endpoints via configuration
2023-03-31 11:24:59.695  INFO 8557 --- [AsyncResolver-bootstrap-executor-0] c.n.d.s.r.aws.ConfigClusterResolver      : Resolving eureka endpoints via configuration
2023-03-31 11:29:59.696  INFO 8557 --- [AsyncResolver-bootstrap-executor-0] c.n.d.s.r.aws.ConfigClusterResolver      : Resolving eureka endpoints via configuration
2023-03-31 11:34:59.697  INFO 8557 --- [AsyncResolver-bootstrap-executor-0] c.n.d.s.r.aws.ConfigClusterResolver      : Resolving eureka endpoints via configuration
2023-03-31 11:39:59.698  INFO 8557 --- [AsyncResolver-bootstrap-executor-0] c.n.d.s.r.aws.ConfigClusterResolver      : Resolving eureka endpoints via configuration
2023-03-31 11:44:59.699  INFO 8557 --- [AsyncResolver-bootstrap-executor-0] c.n.d.s.r.aws.ConfigClusterResolver      : Resolving eureka endpoints via configuration
2023-03-31 11:49:59.700  INFO 8557 --- [AsyncResolver-bootstrap-executor-0] c.n.d.s.r.aws.ConfigClusterResolver      : Resolving eureka endpoints via configuration
2023-03-31 11:54:59.701  INFO 8557 --- [AsyncResolver-bootstrap-executor-0] c.n.d.s.r.aws.ConfigClusterResolver      : Resolving eureka endpoints via configuration
2023-03-31 11:59:59.703  INFO 8557 --- [AsyncResolver-bootstrap-executor-0] c.n.d.s.r.aws.ConfigClusterResolver      : Resolving eureka endpoints via configuration
2023-03-31 12:04:59.704  INFO 8557 --- [AsyncResolver-bootstrap-executor-0] c.n.d.s.r.aws.ConfigClusterResolver      : Resolving eureka endpoints via configuration
2023-03-31 12:09:59.704  INFO 8557 --- [AsyncResolver-bootstrap-executor-0] c.n.d.s.r.aws.ConfigClusterResolver      : Resolving eureka endpoints via configuration
2023-03-31 12:14:59.706  INFO 8557 --- [AsyncResolver-bootstrap-executor-0] c.n.d.s.r.aws.ConfigClusterResolver      : Resolving eureka endpoints via configuration
2023-03-31 12:19:59.707  INFO 8557 --- [AsyncResolver-bootstrap-executor-0] c.n.d.s.r.aws.ConfigClusterResolver      : Resolving eureka endpoints via configuration
2023-03-31 12:24:59.709  INFO 8557 --- [AsyncResolver-bootstrap-executor-0] c.n.d.s.r.aws.ConfigClusterResolver      : Resolving eureka endpoints via configuration
2023-03-31 12:29:59.710  INFO 8557 --- [AsyncResolver-bootstrap-executor-0] c.n.d.s.r.aws.ConfigClusterResolver      : Resolving eureka endpoints via configuration
2023-03-31 12:34:59.711  INFO 8557 --- [AsyncResolver-bootstrap-executor-0] c.n.d.s.r.aws.ConfigClusterResolver      : Resolving eureka endpoints via configuration
2023-03-31 12:39:59.712  INFO 8557 --- [AsyncResolver-bootstrap-executor-0] c.n.d.s.r.aws.ConfigClusterResolver      : Resolving eureka endpoints via configuration
2023-03-31 12:44:59.713  INFO 8557 --- [AsyncResolver-bootstrap-executor-0] c.n.d.s.r.aws.ConfigClusterResolver      : Resolving eureka endpoints via configuration
2023-03-31 12:49:59.715  INFO 8557 --- [AsyncResolver-bootstrap-executor-0] c.n.d.s.r.aws.ConfigClusterResolver      : Resolving eureka endpoints via configuration
2023-03-31 12:54:59.716  INFO 8557 --- [AsyncResolver-bootstrap-executor-0] c.n.d.s.r.aws.ConfigClusterResolver      : Resolving eureka endpoints via configuration
2023-03-31 12:59:59.717  INFO 8557 --- [AsyncResolver-bootstrap-executor-0] c.n.d.s.r.aws.ConfigClusterResolver      : Resolving eureka endpoints via configuration
2023-03-31 13:04:59.718  INFO 8557 --- [AsyncResolver-bootstrap-executor-0] c.n.d.s.r.aws.ConfigClusterResolver      : Resolving eureka endpoints via configuration
2023-03-31 13:09:59.719  INFO 8557 --- [AsyncResolver-bootstrap-executor-0] c.n.d.s.r.aws.ConfigClusterResolver      : Resolving eureka endpoints via configuration
2023-03-31 13:11:31.299  INFO 8557 --- [DiscoveryClient-HeartbeatExecutor-0] com.netflix.discovery.DiscoveryClient    : DiscoveryClient_ADMIN-SERVICE/localhost:admin-service:8082 - Re-registering apps/ADMIN-SERVICE
2023-03-31 13:11:31.300  INFO 8557 --- [DiscoveryClient-HeartbeatExecutor-0] com.netflix.discovery.DiscoveryClient    : DiscoveryClient_ADMIN-SERVICE/localhost:admin-service:8082: registering service...
2023-03-31 13:11:31.305  INFO 8557 --- [DiscoveryClient-HeartbeatExecutor-0] com.netflix.discovery.DiscoveryClient    : DiscoveryClient_ADMIN-SERVICE/localhost:admin-service:8082 - registration status: 204
2023-03-31 13:12:31.320  INFO 8557 --- [DiscoveryClient-HeartbeatExecutor-0] com.netflix.discovery.DiscoveryClient    : DiscoveryClient_ADMIN-SERVICE/localhost:admin-service:8082 - Re-registering apps/ADMIN-SERVICE
2023-03-31 13:12:31.320  INFO 8557 --- [DiscoveryClient-HeartbeatExecutor-0] com.netflix.discovery.DiscoveryClient    : DiscoveryClient_ADMIN-SERVICE/localhost:admin-service:8082: registering service...
2023-03-31 13:12:31.327  INFO 8557 --- [DiscoveryClient-HeartbeatExecutor-0] com.netflix.discovery.DiscoveryClient    : DiscoveryClient_ADMIN-SERVICE/localhost:admin-service:8082 - registration status: 204
2023-03-31 13:14:59.720  INFO 8557 --- [AsyncResolver-bootstrap-executor-0] c.n.d.s.r.aws.ConfigClusterResolver      : Resolving eureka endpoints via configuration
2023-03-31 13:17:47.473  INFO 8557 --- [SpringApplicationShutdownHook] o.s.c.n.e.s.EurekaServiceRegistry        : Unregistering application ADMIN-SERVICE with eureka with status DOWN
2023-03-31 13:17:47.474  INFO 8557 --- [SpringApplicationShutdownHook] com.netflix.discovery.DiscoveryClient    : Saw local status change event StatusChangeEvent [timestamp=1680248867474, current=DOWN, previous=UP]
2023-03-31 13:17:47.474  INFO 8557 --- [DiscoveryClient-InstanceInfoReplicator-0] com.netflix.discovery.DiscoveryClient    : DiscoveryClient_ADMIN-SERVICE/localhost:admin-service:8082: registering service...
2023-03-31 13:17:47.486  INFO 8557 --- [DiscoveryClient-InstanceInfoReplicator-0] com.netflix.discovery.DiscoveryClient    : DiscoveryClient_ADMIN-SERVICE/localhost:admin-service:8082 - registration status: 204
2023-03-31 13:17:47.513  INFO 8557 --- [SpringApplicationShutdownHook] j.LocalContainerEntityManagerFactoryBean : Closing JPA EntityManagerFactory for persistence unit 'default'
2023-03-31 13:17:47.517  INFO 8557 --- [SpringApplicationShutdownHook] com.zaxxer.hikari.HikariDataSource       : HikariPool-1 - Shutdown initiated...
2023-03-31 13:17:47.529  INFO 8557 --- [SpringApplicationShutdownHook] com.zaxxer.hikari.HikariDataSource       : HikariPool-1 - Shutdown completed.
2023-03-31 13:17:47.531  INFO 8557 --- [SpringApplicationShutdownHook] com.netflix.discovery.DiscoveryClient    : Shutting down DiscoveryClient ...
2023-03-31 13:17:50.533  INFO 8557 --- [SpringApplicationShutdownHook] com.netflix.discovery.DiscoveryClient    : Unregistering ...
2023-03-31 13:17:50.542  INFO 8557 --- [SpringApplicationShutdownHook] com.netflix.discovery.DiscoveryClient    : DiscoveryClient_ADMIN-SERVICE/localhost:admin-service:8082 - deregister  status: 200
2023-03-31 13:17:50.554  INFO 8557 --- [SpringApplicationShutdownHook] com.netflix.discovery.DiscoveryClient    : Completed shut down of DiscoveryClient
2023-03-31 13:18:07.591  INFO 12001 --- [main] com.pws.admin.AdminApplication           : Starting AdminApplication using Java 19.0.2 on pwa52 with PID 12001 (/home/user/Downloads/admin/target/classes started by user in /home/user/Downloads/admin)
2023-03-31 13:18:07.607  INFO 12001 --- [main] com.pws.admin.AdminApplication           : No active profile set, falling back to 1 default profile: "default"
2023-03-31 13:18:10.410  INFO 12001 --- [main] .s.d.r.c.RepositoryConfigurationDelegate : Bootstrapping Spring Data JPA repositories in DEFAULT mode.
2023-03-31 13:18:10.762  INFO 12001 --- [main] .s.d.r.c.RepositoryConfigurationDelegate : Finished Spring Data repository scanning in 328 ms. Found 5 JPA repository interfaces.
2023-03-31 13:18:11.367  INFO 12001 --- [main] o.s.cloud.context.scope.GenericScope     : BeanFactory id=b397db77-6bb8-3ed0-afdf-d638ebdf3669
2023-03-31 13:18:12.342  INFO 12001 --- [main] o.s.b.w.embedded.tomcat.TomcatWebServer  : Tomcat initialized with port(s): 8082 (http)
2023-03-31 13:18:12.358  INFO 12001 --- [main] o.apache.catalina.core.StandardService   : Starting service [Tomcat]
2023-03-31 13:18:12.359  INFO 12001 --- [main] org.apache.catalina.core.StandardEngine  : Starting Servlet engine: [Apache Tomcat/9.0.71]
2023-03-31 13:18:12.658  INFO 12001 --- [main] o.a.c.c.C.[Tomcat].[localhost].[/]       : Initializing Spring embedded WebApplicationContext
2023-03-31 13:18:12.659  INFO 12001 --- [main] w.s.c.ServletWebServerApplicationContext : Root WebApplicationContext: initialization completed in 4811 ms
2023-03-31 13:18:13.710  INFO 12001 --- [main] o.hibernate.jpa.internal.util.LogHelper  : HHH000204: Processing PersistenceUnitInfo [name: default]
2023-03-31 13:18:13.779  INFO 12001 --- [main] org.hibernate.Version                    : HHH000412: Hibernate ORM core version 5.6.14.Final
2023-03-31 13:18:14.279  INFO 12001 --- [main] o.hibernate.annotations.common.Version   : HCANN000001: Hibernate Commons Annotations {5.1.2.Final}
2023-03-31 13:18:14.735  INFO 12001 --- [main] com.zaxxer.hikari.HikariDataSource       : HikariPool-1 - Starting...
2023-03-31 13:18:16.109  INFO 12001 --- [main] com.zaxxer.hikari.HikariDataSource       : HikariPool-1 - Start completed.
2023-03-31 13:18:16.126  INFO 12001 --- [main] org.hibernate.dialect.Dialect            : HHH000400: Using dialect: org.hibernate.dialect.MySQL5Dialect
2023-03-31 13:18:17.829  INFO 12001 --- [main] o.h.e.t.j.p.i.JtaPlatformInitiator       : HHH000490: Using JtaPlatform implementation: [org.hibernate.engine.transaction.jta.platform.internal.NoJtaPlatform]
2023-03-31 13:18:17.843  INFO 12001 --- [main] j.LocalContainerEntityManagerFactoryBean : Initialized JPA EntityManagerFactory for persistence unit 'default'
2023-03-31 13:18:19.275  WARN 12001 --- [main] JpaBaseConfiguration$JpaWebConfiguration : spring.jpa.open-in-view is enabled by default. Therefore, database queries may be performed during view rendering. Explicitly configure spring.jpa.open-in-view to disable this warning
2023-03-31 13:18:19.544  INFO 12001 --- [main] o.s.s.web.DefaultSecurityFilterChain     : Will secure any request with [org.springframework.security.web.session.DisableEncodeUrlFilter@4d25943d, org.springframework.security.web.context.request.async.WebAsyncManagerIntegrationFilter@2eea0775, org.springframework.security.web.context.SecurityContextPersistenceFilter@2d7df55, org.springframework.security.web.header.HeaderWriterFilter@2c4eda3a, org.springframework.security.web.authentication.logout.LogoutFilter@42bbd21c, com.pws.admin.jwtconfiguration.JwtFilter@60510791, org.springframework.security.web.savedrequest.RequestCacheAwareFilter@4b8ba6b7, org.springframework.security.web.servletapi.SecurityContextHolderAwareRequestFilter@5dcec8e9, org.springframework.security.web.authentication.AnonymousAuthenticationFilter@495a9305, org.springframework.security.web.session.SessionManagementFilter@cbd3871, org.springframework.security.web.access.ExceptionTranslationFilter@7f922523, org.springframework.security.web.access.intercept.FilterSecurityInterceptor@5c438795]
2023-03-31 13:18:23.142  INFO 12001 --- [main] o.s.cloud.commons.util.InetUtils         : Cannot determine local hostname
2023-03-31 13:18:24.774  INFO 12001 --- [main] o.s.cloud.commons.util.InetUtils         : Cannot determine local hostname
2023-03-31 13:18:24.793  INFO 12001 --- [main] DiscoveryClientOptionalArgsConfiguration : Eureka HTTP Client uses Jersey
2023-03-31 13:18:25.090  WARN 12001 --- [main] iguration$LoadBalancerCaffeineWarnLogger : Spring Cloud LoadBalancer is currently working with the default cache. While this cache implementation is useful for development and tests, it's recommended to use Caffeine cache in production.You can switch to using Caffeine cache, by adding it and org.springframework.cache.caffeine.CaffeineCacheManager to the classpath.
2023-03-31 13:18:25.109  INFO 12001 --- [main] o.s.b.a.e.web.EndpointLinksResolver      : Exposing 1 endpoint(s) beneath base path '/actuator'
2023-03-31 13:18:25.196  INFO 12001 --- [main] o.s.c.n.eureka.InstanceInfoFactory       : Setting initial instance status as: STARTING
2023-03-31 13:18:25.398  INFO 12001 --- [main] com.netflix.discovery.DiscoveryClient    : Initializing Eureka in region us-east-1
2023-03-31 13:18:25.627  INFO 12001 --- [main] c.n.d.provider.DiscoveryJerseyProvider   : Using JSON encoding codec LegacyJacksonJson
2023-03-31 13:18:25.627  INFO 12001 --- [main] c.n.d.provider.DiscoveryJerseyProvider   : Using JSON decoding codec LegacyJacksonJson
2023-03-31 13:18:26.089  INFO 12001 --- [main] c.n.d.provider.DiscoveryJerseyProvider   : Using XML encoding codec XStreamXml
2023-03-31 13:18:26.090  INFO 12001 --- [main] c.n.d.provider.DiscoveryJerseyProvider   : Using XML decoding codec XStreamXml
2023-03-31 13:18:26.463  INFO 12001 --- [main] c.n.d.s.r.aws.ConfigClusterResolver      : Resolving eureka endpoints via configuration
2023-03-31 13:18:26.526  INFO 12001 --- [main] com.netflix.discovery.DiscoveryClient    : Disable delta property : false
2023-03-31 13:18:26.528  INFO 12001 --- [main] com.netflix.discovery.DiscoveryClient    : Single vip registry refresh property : null
2023-03-31 13:18:26.528  INFO 12001 --- [main] com.netflix.discovery.DiscoveryClient    : Force full registry fetch : false
2023-03-31 13:18:26.529  INFO 12001 --- [main] com.netflix.discovery.DiscoveryClient    : Application is null : false
2023-03-31 13:18:26.529  INFO 12001 --- [main] com.netflix.discovery.DiscoveryClient    : Registered Applications size is zero : true
2023-03-31 13:18:26.529  INFO 12001 --- [main] com.netflix.discovery.DiscoveryClient    : Application version is -1: true
2023-03-31 13:18:26.529  INFO 12001 --- [main] com.netflix.discovery.DiscoveryClient    : Getting all instance registry info from the eureka server
2023-03-31 13:18:26.908  INFO 12001 --- [main] com.netflix.discovery.DiscoveryClient    : The response status is 200
2023-03-31 13:18:26.911  INFO 12001 --- [main] com.netflix.discovery.DiscoveryClient    : Starting heartbeat executor: renew interval is: 30
2023-03-31 13:18:26.914  INFO 12001 --- [main] c.n.discovery.InstanceInfoReplicator     : InstanceInfoReplicator onDemand update allowed rate per min is 4
2023-03-31 13:18:26.921  INFO 12001 --- [main] com.netflix.discovery.DiscoveryClient    : Discovery Client initialized at timestamp 1680248906919 with initial instances count: 2
2023-03-31 13:18:26.926  INFO 12001 --- [main] o.s.c.n.e.s.EurekaServiceRegistry        : Registering application ADMIN-SERVICE with eureka with status UP
2023-03-31 13:18:26.927  INFO 12001 --- [main] com.netflix.discovery.DiscoveryClient    : Saw local status change event StatusChangeEvent [timestamp=1680248906927, current=UP, previous=STARTING]
2023-03-31 13:18:26.929  INFO 12001 --- [DiscoveryClient-InstanceInfoReplicator-0] com.netflix.discovery.DiscoveryClient    : DiscoveryClient_ADMIN-SERVICE/localhost:admin-service:8082: registering service...
2023-03-31 13:18:27.010  INFO 12001 --- [main] o.s.b.w.embedded.tomcat.TomcatWebServer  : Tomcat started on port(s): 8082 (http) with context path ''
2023-03-31 13:18:27.011  INFO 12001 --- [main] .s.c.n.e.s.EurekaAutoServiceRegistration : Updating port to 8082
2023-03-31 13:18:27.028  INFO 12001 --- [DiscoveryClient-InstanceInfoReplicator-0] com.netflix.discovery.DiscoveryClient    : DiscoveryClient_ADMIN-SERVICE/localhost:admin-service:8082 - registration status: 204
2023-03-31 13:18:28.013  INFO 12001 --- [main] o.s.cloud.commons.util.InetUtils         : Cannot determine local hostname
2023-03-31 13:18:28.097  INFO 12001 --- [main] com.pws.admin.AdminApplication           : Started AdminApplication in 27.8 seconds (JVM running for 29.004)
2023-03-31 13:20:40.604  INFO 12001 --- [http-nio-8082-exec-1] o.a.c.c.C.[Tomcat].[localhost].[/]       : Initializing Spring DispatcherServlet 'dispatcherServlet'
2023-03-31 13:20:40.604  INFO 12001 --- [http-nio-8082-exec-1] o.s.web.servlet.DispatcherServlet        : Initializing Servlet 'dispatcherServlet'
2023-03-31 13:20:40.607  INFO 12001 --- [http-nio-8082-exec-1] o.s.web.servlet.DispatcherServlet        : Completed initialization in 2 ms
2023-03-31 13:21:00.351  INFO 12001 --- [SpringApplicationShutdownHook] o.s.c.n.e.s.EurekaServiceRegistry        : Unregistering application ADMIN-SERVICE with eureka with status DOWN
2023-03-31 13:21:00.352  INFO 12001 --- [SpringApplicationShutdownHook] com.netflix.discovery.DiscoveryClient    : Saw local status change event StatusChangeEvent [timestamp=1680249060352, current=DOWN, previous=UP]
2023-03-31 13:21:00.352  INFO 12001 --- [DiscoveryClient-InstanceInfoReplicator-0] com.netflix.discovery.DiscoveryClient    : DiscoveryClient_ADMIN-SERVICE/localhost:admin-service:8082: registering service...
2023-03-31 13:21:00.360  INFO 12001 --- [DiscoveryClient-InstanceInfoReplicator-0] com.netflix.discovery.DiscoveryClient    : DiscoveryClient_ADMIN-SERVICE/localhost:admin-service:8082 - registration status: 204
2023-03-31 13:21:00.388  INFO 12001 --- [SpringApplicationShutdownHook] j.LocalContainerEntityManagerFactoryBean : Closing JPA EntityManagerFactory for persistence unit 'default'
2023-03-31 13:21:00.393  INFO 12001 --- [SpringApplicationShutdownHook] com.zaxxer.hikari.HikariDataSource       : HikariPool-1 - Shutdown initiated...
2023-03-31 13:21:00.409  INFO 12001 --- [SpringApplicationShutdownHook] com.zaxxer.hikari.HikariDataSource       : HikariPool-1 - Shutdown completed.
2023-03-31 13:21:00.411  INFO 12001 --- [SpringApplicationShutdownHook] com.netflix.discovery.DiscoveryClient    : Shutting down DiscoveryClient ...
2023-03-31 13:21:03.419  INFO 12001 --- [SpringApplicationShutdownHook] com.netflix.discovery.DiscoveryClient    : Unregistering ...
2023-03-31 13:21:03.433  INFO 12001 --- [SpringApplicationShutdownHook] com.netflix.discovery.DiscoveryClient    : DiscoveryClient_ADMIN-SERVICE/localhost:admin-service:8082 - deregister  status: 200
2023-03-31 13:21:03.452  INFO 12001 --- [SpringApplicationShutdownHook] com.netflix.discovery.DiscoveryClient    : Completed shut down of DiscoveryClient
2023-03-31 13:21:15.326  INFO 12454 --- [main] com.pws.admin.AdminApplication           : Starting AdminApplication using Java 19.0.2 on pwa52 with PID 12454 (/home/user/Downloads/admin/target/classes started by user in /home/user/Downloads/admin)
2023-03-31 13:21:15.334  INFO 12454 --- [main] com.pws.admin.AdminApplication           : No active profile set, falling back to 1 default profile: "default"
2023-03-31 13:21:19.584  INFO 12454 --- [main] .s.d.r.c.RepositoryConfigurationDelegate : Bootstrapping Spring Data JPA repositories in DEFAULT mode.
2023-03-31 13:21:19.876  INFO 12454 --- [main] .s.d.r.c.RepositoryConfigurationDelegate : Finished Spring Data repository scanning in 278 ms. Found 5 JPA repository interfaces.
2023-03-31 13:21:20.364  INFO 12454 --- [main] o.s.cloud.context.scope.GenericScope     : BeanFactory id=b397db77-6bb8-3ed0-afdf-d638ebdf3669
2023-03-31 13:21:21.165  INFO 12454 --- [main] o.s.b.w.embedded.tomcat.TomcatWebServer  : Tomcat initialized with port(s): 8082 (http)
2023-03-31 13:21:21.185  INFO 12454 --- [main] o.apache.catalina.core.StandardService   : Starting service [Tomcat]
2023-03-31 13:21:21.187  INFO 12454 --- [main] org.apache.catalina.core.StandardEngine  : Starting Servlet engine: [Apache Tomcat/9.0.71]
2023-03-31 13:21:21.556  INFO 12454 --- [main] o.a.c.c.C.[Tomcat].[localhost].[/]       : Initializing Spring embedded WebApplicationContext
2023-03-31 13:21:21.557  INFO 12454 --- [main] w.s.c.ServletWebServerApplicationContext : Root WebApplicationContext: initialization completed in 5814 ms
2023-03-31 13:21:22.182  INFO 12454 --- [main] o.hibernate.jpa.internal.util.LogHelper  : HHH000204: Processing PersistenceUnitInfo [name: default]
2023-03-31 13:21:22.269  INFO 12454 --- [main] org.hibernate.Version                    : HHH000412: Hibernate ORM core version 5.6.14.Final
2023-03-31 13:21:22.624  INFO 12454 --- [main] o.hibernate.annotations.common.Version   : HCANN000001: Hibernate Commons Annotations {5.1.2.Final}
2023-03-31 13:21:22.820  INFO 12454 --- [main] com.zaxxer.hikari.HikariDataSource       : HikariPool-1 - Starting...
2023-03-31 13:21:23.590  INFO 12454 --- [main] com.zaxxer.hikari.HikariDataSource       : HikariPool-1 - Start completed.
2023-03-31 13:21:23.610  INFO 12454 --- [main] org.hibernate.dialect.Dialect            : HHH000400: Using dialect: org.hibernate.dialect.MySQL5Dialect
2023-03-31 13:21:25.167  INFO 12454 --- [main] o.h.e.t.j.p.i.JtaPlatformInitiator       : HHH000490: Using JtaPlatform implementation: [org.hibernate.engine.transaction.jta.platform.internal.NoJtaPlatform]
2023-03-31 13:21:25.175  INFO 12454 --- [main] j.LocalContainerEntityManagerFactoryBean : Initialized JPA EntityManagerFactory for persistence unit 'default'
2023-03-31 13:21:26.372  WARN 12454 --- [main] JpaBaseConfiguration$JpaWebConfiguration : spring.jpa.open-in-view is enabled by default. Therefore, database queries may be performed during view rendering. Explicitly configure spring.jpa.open-in-view to disable this warning
2023-03-31 13:21:26.561  INFO 12454 --- [main] o.s.s.web.DefaultSecurityFilterChain     : Will secure any request with [org.springframework.security.web.session.DisableEncodeUrlFilter@7acbd3d0, org.springframework.security.web.context.request.async.WebAsyncManagerIntegrationFilter@49d5c751, org.springframework.security.web.context.SecurityContextPersistenceFilter@28be7db5, org.springframework.security.web.header.HeaderWriterFilter@507e3e77, org.springframework.security.web.authentication.logout.LogoutFilter@6b6cf3c1, com.pws.admin.jwtconfiguration.JwtFilter@4ac26092, org.springframework.security.web.savedrequest.RequestCacheAwareFilter@2ac00dc9, org.springframework.security.web.servletapi.SecurityContextHolderAwareRequestFilter@6441cff1, org.springframework.security.web.authentication.AnonymousAuthenticationFilter@40e90634, org.springframework.security.web.session.SessionManagementFilter@1509bd56, org.springframework.security.web.access.ExceptionTranslationFilter@516370c1, org.springframework.security.web.access.intercept.FilterSecurityInterceptor@381d7c4c]
2023-03-31 13:21:29.774  INFO 12454 --- [main] o.s.cloud.commons.util.InetUtils         : Cannot determine local hostname
2023-03-31 13:21:31.311  INFO 12454 --- [main] o.s.cloud.commons.util.InetUtils         : Cannot determine local hostname
2023-03-31 13:21:31.335  INFO 12454 --- [main] DiscoveryClientOptionalArgsConfiguration : Eureka HTTP Client uses Jersey
2023-03-31 13:21:31.481  WARN 12454 --- [main] iguration$LoadBalancerCaffeineWarnLogger : Spring Cloud LoadBalancer is currently working with the default cache. While this cache implementation is useful for development and tests, it's recommended to use Caffeine cache in production.You can switch to using Caffeine cache, by adding it and org.springframework.cache.caffeine.CaffeineCacheManager to the classpath.
2023-03-31 13:21:31.494  INFO 12454 --- [main] o.s.b.a.e.web.EndpointLinksResolver      : Exposing 1 endpoint(s) beneath base path '/actuator'
2023-03-31 13:21:31.557  INFO 12454 --- [main] o.s.c.n.eureka.InstanceInfoFactory       : Setting initial instance status as: STARTING
2023-03-31 13:21:31.825  INFO 12454 --- [main] com.netflix.discovery.DiscoveryClient    : Initializing Eureka in region us-east-1
2023-03-31 13:21:31.991  INFO 12454 --- [main] c.n.d.provider.DiscoveryJerseyProvider   : Using JSON encoding codec LegacyJacksonJson
2023-03-31 13:21:31.991  INFO 12454 --- [main] c.n.d.provider.DiscoveryJerseyProvider   : Using JSON decoding codec LegacyJacksonJson
2023-03-31 13:21:32.428  INFO 12454 --- [main] c.n.d.provider.DiscoveryJerseyProvider   : Using XML encoding codec XStreamXml
2023-03-31 13:21:32.428  INFO 12454 --- [main] c.n.d.provider.DiscoveryJerseyProvider   : Using XML decoding codec XStreamXml
2023-03-31 13:21:32.753  INFO 12454 --- [main] c.n.d.s.r.aws.ConfigClusterResolver      : Resolving eureka endpoints via configuration
2023-03-31 13:21:32.773  INFO 12454 --- [main] com.netflix.discovery.DiscoveryClient    : Disable delta property : false
2023-03-31 13:21:32.773  INFO 12454 --- [main] com.netflix.discovery.DiscoveryClient    : Single vip registry refresh property : null
2023-03-31 13:21:32.773  INFO 12454 --- [main] com.netflix.discovery.DiscoveryClient    : Force full registry fetch : false
2023-03-31 13:21:32.773  INFO 12454 --- [main] com.netflix.discovery.DiscoveryClient    : Application is null : false
2023-03-31 13:21:32.773  INFO 12454 --- [main] com.netflix.discovery.DiscoveryClient    : Registered Applications size is zero : true
2023-03-31 13:21:32.774  INFO 12454 --- [main] com.netflix.discovery.DiscoveryClient    : Application version is -1: true
2023-03-31 13:21:32.774  INFO 12454 --- [main] com.netflix.discovery.DiscoveryClient    : Getting all instance registry info from the eureka server
2023-03-31 13:21:32.942  INFO 12454 --- [main] com.netflix.discovery.DiscoveryClient    : The response status is 200
2023-03-31 13:21:32.946  INFO 12454 --- [main] com.netflix.discovery.DiscoveryClient    : Starting heartbeat executor: renew interval is: 30
2023-03-31 13:21:32.949  INFO 12454 --- [main] c.n.discovery.InstanceInfoReplicator     : InstanceInfoReplicator onDemand update allowed rate per min is 4
2023-03-31 13:21:32.955  INFO 12454 --- [main] com.netflix.discovery.DiscoveryClient    : Discovery Client initialized at timestamp 1680249092954 with initial instances count: 2
2023-03-31 13:21:32.959  INFO 12454 --- [main] o.s.c.n.e.s.EurekaServiceRegistry        : Registering application ADMIN-SERVICE with eureka with status UP
2023-03-31 13:21:32.960  INFO 12454 --- [main] com.netflix.discovery.DiscoveryClient    : Saw local status change event StatusChangeEvent [timestamp=1680249092960, current=UP, previous=STARTING]
2023-03-31 13:21:32.962  INFO 12454 --- [DiscoveryClient-InstanceInfoReplicator-0] com.netflix.discovery.DiscoveryClient    : DiscoveryClient_ADMIN-SERVICE/localhost:admin-service:8082: registering service...
2023-03-31 13:21:33.007  INFO 12454 --- [DiscoveryClient-InstanceInfoReplicator-0] com.netflix.discovery.DiscoveryClient    : DiscoveryClient_ADMIN-SERVICE/localhost:admin-service:8082 - registration status: 204
2023-03-31 13:21:33.037  INFO 12454 --- [main] o.s.b.w.embedded.tomcat.TomcatWebServer  : Tomcat started on port(s): 8082 (http) with context path ''
2023-03-31 13:21:33.039  INFO 12454 --- [main] .s.c.n.e.s.EurekaAutoServiceRegistration : Updating port to 8082
2023-03-31 13:21:34.041  INFO 12454 --- [main] o.s.cloud.commons.util.InetUtils         : Cannot determine local hostname
2023-03-31 13:21:34.072  INFO 12454 --- [main] com.pws.admin.AdminApplication           : Started AdminApplication in 26.066 seconds (JVM running for 27.211)
2023-03-31 13:21:44.761  INFO 12454 --- [http-nio-8082-exec-1] o.a.c.c.C.[Tomcat].[localhost].[/]       : Initializing Spring DispatcherServlet 'dispatcherServlet'
2023-03-31 13:21:44.762  INFO 12454 --- [http-nio-8082-exec-1] o.s.web.servlet.DispatcherServlet        : Initializing Servlet 'dispatcherServlet'
2023-03-31 13:21:44.765  INFO 12454 --- [http-nio-8082-exec-1] o.s.web.servlet.DispatcherServlet        : Completed initialization in 3 ms
2023-03-31 13:22:17.545  INFO 12454 --- [SpringApplicationShutdownHook] o.s.c.n.e.s.EurekaServiceRegistry        : Unregistering application ADMIN-SERVICE with eureka with status DOWN
2023-03-31 13:22:17.549  INFO 12454 --- [SpringApplicationShutdownHook] com.netflix.discovery.DiscoveryClient    : Saw local status change event StatusChangeEvent [timestamp=1680249137549, current=DOWN, previous=UP]
2023-03-31 13:22:17.550  INFO 12454 --- [DiscoveryClient-InstanceInfoReplicator-0] com.netflix.discovery.DiscoveryClient    : DiscoveryClient_ADMIN-SERVICE/localhost:admin-service:8082: registering service...
2023-03-31 13:22:17.564  INFO 12454 --- [DiscoveryClient-InstanceInfoReplicator-0] com.netflix.discovery.DiscoveryClient    : DiscoveryClient_ADMIN-SERVICE/localhost:admin-service:8082 - registration status: 204
2023-03-31 13:22:17.592  INFO 12454 --- [SpringApplicationShutdownHook] j.LocalContainerEntityManagerFactoryBean : Closing JPA EntityManagerFactory for persistence unit 'default'
2023-03-31 13:22:17.597  INFO 12454 --- [SpringApplicationShutdownHook] com.zaxxer.hikari.HikariDataSource       : HikariPool-1 - Shutdown initiated...
2023-03-31 13:22:17.615  INFO 12454 --- [SpringApplicationShutdownHook] com.zaxxer.hikari.HikariDataSource       : HikariPool-1 - Shutdown completed.
2023-03-31 13:22:17.616  INFO 12454 --- [SpringApplicationShutdownHook] com.netflix.discovery.DiscoveryClient    : Shutting down DiscoveryClient ...
2023-03-31 13:22:20.621  INFO 12454 --- [SpringApplicationShutdownHook] com.netflix.discovery.DiscoveryClient    : Unregistering ...
2023-03-31 13:22:20.628  INFO 12454 --- [SpringApplicationShutdownHook] com.netflix.discovery.DiscoveryClient    : DiscoveryClient_ADMIN-SERVICE/localhost:admin-service:8082 - deregister  status: 200
2023-03-31 13:22:20.641  INFO 12454 --- [SpringApplicationShutdownHook] com.netflix.discovery.DiscoveryClient    : Completed shut down of DiscoveryClient
2023-03-31 13:22:32.778  INFO 12660 --- [main] com.pws.admin.AdminApplication           : Starting AdminApplication using Java 19.0.2 on pwa52 with PID 12660 (/home/user/Downloads/admin/target/classes started by user in /home/user/Downloads/admin)
2023-03-31 13:22:32.785  INFO 12660 --- [main] com.pws.admin.AdminApplication           : No active profile set, falling back to 1 default profile: "default"
2023-03-31 13:22:34.836  INFO 12660 --- [main] .s.d.r.c.RepositoryConfigurationDelegate : Bootstrapping Spring Data JPA repositories in DEFAULT mode.
2023-03-31 13:22:35.087  INFO 12660 --- [main] .s.d.r.c.RepositoryConfigurationDelegate : Finished Spring Data repository scanning in 239 ms. Found 5 JPA repository interfaces.
2023-03-31 13:22:35.537  INFO 12660 --- [main] o.s.cloud.context.scope.GenericScope     : BeanFactory id=b397db77-6bb8-3ed0-afdf-d638ebdf3669
2023-03-31 13:22:36.259  INFO 12660 --- [main] o.s.b.w.embedded.tomcat.TomcatWebServer  : Tomcat initialized with port(s): 8082 (http)
2023-03-31 13:22:36.272  INFO 12660 --- [main] o.apache.catalina.core.StandardService   : Starting service [Tomcat]
2023-03-31 13:22:36.272  INFO 12660 --- [main] org.apache.catalina.core.StandardEngine  : Starting Servlet engine: [Apache Tomcat/9.0.71]
2023-03-31 13:22:36.520  INFO 12660 --- [main] o.a.c.c.C.[Tomcat].[localhost].[/]       : Initializing Spring embedded WebApplicationContext
2023-03-31 13:22:36.521  INFO 12660 --- [main] w.s.c.ServletWebServerApplicationContext : Root WebApplicationContext: initialization completed in 3554 ms
2023-03-31 13:22:37.096  INFO 12660 --- [main] o.hibernate.jpa.internal.util.LogHelper  : HHH000204: Processing PersistenceUnitInfo [name: default]
2023-03-31 13:22:37.148  INFO 12660 --- [main] org.hibernate.Version                    : HHH000412: Hibernate ORM core version 5.6.14.Final
2023-03-31 13:22:37.342  INFO 12660 --- [main] o.hibernate.annotations.common.Version   : HCANN000001: Hibernate Commons Annotations {5.1.2.Final}
2023-03-31 13:22:37.495  INFO 12660 --- [main] com.zaxxer.hikari.HikariDataSource       : HikariPool-1 - Starting...
2023-03-31 13:22:37.976  INFO 12660 --- [main] com.zaxxer.hikari.HikariDataSource       : HikariPool-1 - Start completed.
2023-03-31 13:22:38.018  INFO 12660 --- [main] org.hibernate.dialect.Dialect            : HHH000400: Using dialect: org.hibernate.dialect.MySQL5Dialect
2023-03-31 13:22:39.559  INFO 12660 --- [main] o.h.e.t.j.p.i.JtaPlatformInitiator       : HHH000490: Using JtaPlatform implementation: [org.hibernate.engine.transaction.jta.platform.internal.NoJtaPlatform]
2023-03-31 13:22:39.570  INFO 12660 --- [main] j.LocalContainerEntityManagerFactoryBean : Initialized JPA EntityManagerFactory for persistence unit 'default'
2023-03-31 13:22:40.636  WARN 12660 --- [main] JpaBaseConfiguration$JpaWebConfiguration : spring.jpa.open-in-view is enabled by default. Therefore, database queries may be performed during view rendering. Explicitly configure spring.jpa.open-in-view to disable this warning
2023-03-31 13:22:40.821  INFO 12660 --- [main] o.s.s.web.DefaultSecurityFilterChain     : Will secure any request with [org.springframework.security.web.session.DisableEncodeUrlFilter@496e2bdd, org.springframework.security.web.context.request.async.WebAsyncManagerIntegrationFilter@17e725fb, org.springframework.security.web.context.SecurityContextPersistenceFilter@15e881c0, org.springframework.security.web.header.HeaderWriterFilter@33f3ebfc, org.springframework.security.web.authentication.logout.LogoutFilter@58fbecde, com.pws.admin.jwtconfiguration.JwtFilter@261b27db, org.springframework.security.web.savedrequest.RequestCacheAwareFilter@159a32a4, org.springframework.security.web.servletapi.SecurityContextHolderAwareRequestFilter@57f1fbae, org.springframework.security.web.authentication.AnonymousAuthenticationFilter@76379796, org.springframework.security.web.session.SessionManagementFilter@7021bb55, org.springframework.security.web.access.ExceptionTranslationFilter@73543048, org.springframework.security.web.access.intercept.FilterSecurityInterceptor@33fc92d6]
2023-03-31 13:22:43.842  INFO 12660 --- [main] o.s.cloud.commons.util.InetUtils         : Cannot determine local hostname
2023-03-31 13:22:45.419  INFO 12660 --- [main] o.s.cloud.commons.util.InetUtils         : Cannot determine local hostname
2023-03-31 13:22:45.438  INFO 12660 --- [main] DiscoveryClientOptionalArgsConfiguration : Eureka HTTP Client uses Jersey
2023-03-31 13:22:45.579  WARN 12660 --- [main] iguration$LoadBalancerCaffeineWarnLogger : Spring Cloud LoadBalancer is currently working with the default cache. While this cache implementation is useful for development and tests, it's recommended to use Caffeine cache in production.You can switch to using Caffeine cache, by adding it and org.springframework.cache.caffeine.CaffeineCacheManager to the classpath.
2023-03-31 13:22:45.592  INFO 12660 --- [main] o.s.b.a.e.web.EndpointLinksResolver      : Exposing 1 endpoint(s) beneath base path '/actuator'
2023-03-31 13:22:45.651  INFO 12660 --- [main] o.s.c.n.eureka.InstanceInfoFactory       : Setting initial instance status as: STARTING
2023-03-31 13:22:45.819  INFO 12660 --- [main] com.netflix.discovery.DiscoveryClient    : Initializing Eureka in region us-east-1
2023-03-31 13:22:46.034  INFO 12660 --- [main] c.n.d.provider.DiscoveryJerseyProvider   : Using JSON encoding codec LegacyJacksonJson
2023-03-31 13:22:46.034  INFO 12660 --- [main] c.n.d.provider.DiscoveryJerseyProvider   : Using JSON decoding codec LegacyJacksonJson
2023-03-31 13:22:46.439  INFO 12660 --- [main] c.n.d.provider.DiscoveryJerseyProvider   : Using XML encoding codec XStreamXml
2023-03-31 13:22:46.440  INFO 12660 --- [main] c.n.d.provider.DiscoveryJerseyProvider   : Using XML decoding codec XStreamXml
2023-03-31 13:22:46.732  INFO 12660 --- [main] c.n.d.s.r.aws.ConfigClusterResolver      : Resolving eureka endpoints via configuration
2023-03-31 13:22:46.750  INFO 12660 --- [main] com.netflix.discovery.DiscoveryClient    : Disable delta property : false
2023-03-31 13:22:46.751  INFO 12660 --- [main] com.netflix.discovery.DiscoveryClient    : Single vip registry refresh property : null
2023-03-31 13:22:46.751  INFO 12660 --- [main] com.netflix.discovery.DiscoveryClient    : Force full registry fetch : false
2023-03-31 13:22:46.751  INFO 12660 --- [main] com.netflix.discovery.DiscoveryClient    : Application is null : false
2023-03-31 13:22:46.751  INFO 12660 --- [main] com.netflix.discovery.DiscoveryClient    : Registered Applications size is zero : true
2023-03-31 13:22:46.751  INFO 12660 --- [main] com.netflix.discovery.DiscoveryClient    : Application version is -1: true
2023-03-31 13:22:46.751  INFO 12660 --- [main] com.netflix.discovery.DiscoveryClient    : Getting all instance registry info from the eureka server
2023-03-31 13:22:46.935  INFO 12660 --- [main] com.netflix.discovery.DiscoveryClient    : The response status is 200
2023-03-31 13:22:46.939  INFO 12660 --- [main] com.netflix.discovery.DiscoveryClient    : Starting heartbeat executor: renew interval is: 30
2023-03-31 13:22:46.947  INFO 12660 --- [main] c.n.discovery.InstanceInfoReplicator     : InstanceInfoReplicator onDemand update allowed rate per min is 4
2023-03-31 13:22:46.956  INFO 12660 --- [main] com.netflix.discovery.DiscoveryClient    : Discovery Client initialized at timestamp 1680249166954 with initial instances count: 2
2023-03-31 13:22:46.960  INFO 12660 --- [main] o.s.c.n.e.s.EurekaServiceRegistry        : Registering application ADMIN-SERVICE with eureka with status UP
2023-03-31 13:22:46.962  INFO 12660 --- [main] com.netflix.discovery.DiscoveryClient    : Saw local status change event StatusChangeEvent [timestamp=1680249166962, current=UP, previous=STARTING]
2023-03-31 13:22:46.965  INFO 12660 --- [DiscoveryClient-InstanceInfoReplicator-0] com.netflix.discovery.DiscoveryClient    : DiscoveryClient_ADMIN-SERVICE/localhost:admin-service:8082: registering service...
2023-03-31 13:22:47.020  INFO 12660 --- [main] o.s.b.w.embedded.tomcat.TomcatWebServer  : Tomcat started on port(s): 8082 (http) with context path ''
2023-03-31 13:22:47.021  INFO 12660 --- [main] .s.c.n.e.s.EurekaAutoServiceRegistration : Updating port to 8082
2023-03-31 13:22:47.028  INFO 12660 --- [DiscoveryClient-InstanceInfoReplicator-0] com.netflix.discovery.DiscoveryClient    : DiscoveryClient_ADMIN-SERVICE/localhost:admin-service:8082 - registration status: 204
2023-03-31 13:22:48.023  INFO 12660 --- [main] o.s.cloud.commons.util.InetUtils         : Cannot determine local hostname
2023-03-31 13:22:48.051  INFO 12660 --- [main] com.pws.admin.AdminApplication           : Started AdminApplication in 22.184 seconds (JVM running for 23.197)
2023-03-31 13:23:02.876  INFO 12660 --- [http-nio-8082-exec-2] o.a.c.c.C.[Tomcat].[localhost].[/]       : Initializing Spring DispatcherServlet 'dispatcherServlet'
2023-03-31 13:23:02.876  INFO 12660 --- [http-nio-8082-exec-2] o.s.web.servlet.DispatcherServlet        : Initializing Servlet 'dispatcherServlet'
2023-03-31 13:23:02.878  INFO 12660 --- [http-nio-8082-exec-2] o.s.web.servlet.DispatcherServlet        : Completed initialization in 2 ms
2023-03-31 13:27:46.754  INFO 12660 --- [AsyncResolver-bootstrap-executor-0] c.n.d.s.r.aws.ConfigClusterResolver      : Resolving eureka endpoints via configuration
2023-03-31 13:32:46.755  INFO 12660 --- [AsyncResolver-bootstrap-executor-0] c.n.d.s.r.aws.ConfigClusterResolver      : Resolving eureka endpoints via configuration
2023-03-31 13:37:46.757  INFO 12660 --- [AsyncResolver-bootstrap-executor-0] c.n.d.s.r.aws.ConfigClusterResolver      : Resolving eureka endpoints via configuration
2023-03-31 13:42:46.757  INFO 12660 --- [AsyncResolver-bootstrap-executor-0] c.n.d.s.r.aws.ConfigClusterResolver      : Resolving eureka endpoints via configuration
2023-03-31 13:47:46.758  INFO 12660 --- [AsyncResolver-bootstrap-executor-0] c.n.d.s.r.aws.ConfigClusterResolver      : Resolving eureka endpoints via configuration
2023-03-31 13:52:46.760  INFO 12660 --- [AsyncResolver-bootstrap-executor-0] c.n.d.s.r.aws.ConfigClusterResolver      : Resolving eureka endpoints via configuration
2023-03-31 13:57:46.761  INFO 12660 --- [AsyncResolver-bootstrap-executor-0] c.n.d.s.r.aws.ConfigClusterResolver      : Resolving eureka endpoints via configuration
2023-03-31 14:02:46.762  INFO 12660 --- [AsyncResolver-bootstrap-executor-0] c.n.d.s.r.aws.ConfigClusterResolver      : Resolving eureka endpoints via configuration
2023-03-31 14:07:46.763  INFO 12660 --- [AsyncResolver-bootstrap-executor-0] c.n.d.s.r.aws.ConfigClusterResolver      : Resolving eureka endpoints via configuration
2023-03-31 14:12:46.764  INFO 12660 --- [AsyncResolver-bootstrap-executor-0] c.n.d.s.r.aws.ConfigClusterResolver      : Resolving eureka endpoints via configuration
2023-03-31 14:17:46.765  INFO 12660 --- [AsyncResolver-bootstrap-executor-0] c.n.d.s.r.aws.ConfigClusterResolver      : Resolving eureka endpoints via configuration
2023-03-31 14:22:46.766  INFO 12660 --- [AsyncResolver-bootstrap-executor-0] c.n.d.s.r.aws.ConfigClusterResolver      : Resolving eureka endpoints via configuration
2023-03-31 14:27:46.767  INFO 12660 --- [AsyncResolver-bootstrap-executor-0] c.n.d.s.r.aws.ConfigClusterResolver      : Resolving eureka endpoints via configuration
2023-03-31 14:59:27.176  INFO 12660 --- [AsyncResolver-bootstrap-executor-0] c.n.d.s.r.aws.ConfigClusterResolver      : Resolving eureka endpoints via configuration
2023-03-31 15:04:27.177  INFO 12660 --- [AsyncResolver-bootstrap-executor-0] c.n.d.s.r.aws.ConfigClusterResolver      : Resolving eureka endpoints via configuration
2023-03-31 15:09:27.178  INFO 12660 --- [AsyncResolver-bootstrap-executor-0] c.n.d.s.r.aws.ConfigClusterResolver      : Resolving eureka endpoints via configuration
2023-03-31 15:12:35.737  WARN 12660 --- [http-nio-8082-exec-7] .w.s.m.s.DefaultHandlerExceptionResolver : Resolved [org.springframework.web.HttpRequestMethodNotSupportedException: Request method 'GET' not supported]
2023-03-31 15:14:27.179  INFO 12660 --- [AsyncResolver-bootstrap-executor-0] c.n.d.s.r.aws.ConfigClusterResolver      : Resolving eureka endpoints via configuration
2023-03-31 15:19:27.181  INFO 12660 --- [AsyncResolver-bootstrap-executor-0] c.n.d.s.r.aws.ConfigClusterResolver      : Resolving eureka endpoints via configuration
2023-03-31 15:24:27.182  INFO 12660 --- [AsyncResolver-bootstrap-executor-0] c.n.d.s.r.aws.ConfigClusterResolver      : Resolving eureka endpoints via configuration
2023-03-31 15:29:27.183  INFO 12660 --- [AsyncResolver-bootstrap-executor-0] c.n.d.s.r.aws.ConfigClusterResolver      : Resolving eureka endpoints via configuration
2023-03-31 15:34:27.873  INFO 12660 --- [AsyncResolver-bootstrap-executor-0] c.n.d.s.r.aws.ConfigClusterResolver      : Resolving eureka endpoints via configuration
2023-03-31 15:39:27.874  INFO 12660 --- [AsyncResolver-bootstrap-executor-0] c.n.d.s.r.aws.ConfigClusterResolver      : Resolving eureka endpoints via configuration
2023-03-31 15:41:42.319 ERROR 12660 --- [http-nio-8082-exec-5] o.a.c.c.C.[.[.[/].[dispatcherServlet]    : Servlet.service() for servlet [dispatcherServlet] in context with path [] threw exception

org.springframework.security.authentication.BadCredentialsException: INVALID_CREDENTIALS
	at com.pws.admin.jwtconfiguration.JwtUtil.validateToken(JwtUtil.java:70) ~[classes/:na]
	at com.pws.admin.jwtconfiguration.JwtFilter.doFilterInternal(JwtFilter.java:39) ~[classes/:na]
	at org.springframework.web.filter.OncePerRequestFilter.doFilter(OncePerRequestFilter.java:117) ~[spring-web-5.3.25.jar:5.3.25]
	at org.springframework.security.web.FilterChainProxy$VirtualFilterChain.doFilter(FilterChainProxy.java:346) ~[spring-security-web-5.7.6.jar:5.7.6]
	at org.springframework.security.web.authentication.logout.LogoutFilter.doFilter(LogoutFilter.java:103) ~[spring-security-web-5.7.6.jar:5.7.6]
	at org.springframework.security.web.authentication.logout.LogoutFilter.doFilter(LogoutFilter.java:89) ~[spring-security-web-5.7.6.jar:5.7.6]
	at org.springframework.security.web.FilterChainProxy$VirtualFilterChain.doFilter(FilterChainProxy.java:346) ~[spring-security-web-5.7.6.jar:5.7.6]
	at org.springframework.security.web.header.HeaderWriterFilter.doHeadersAfter(HeaderWriterFilter.java:90) ~[spring-security-web-5.7.6.jar:5.7.6]
	at org.springframework.security.web.header.HeaderWriterFilter.doFilterInternal(HeaderWriterFilter.java:75) ~[spring-security-web-5.7.6.jar:5.7.6]
	at org.springframework.web.filter.OncePerRequestFilter.doFilter(OncePerRequestFilter.java:117) ~[spring-web-5.3.25.jar:5.3.25]
	at org.springframework.security.web.FilterChainProxy$VirtualFilterChain.doFilter(FilterChainProxy.java:346) ~[spring-security-web-5.7.6.jar:5.7.6]
	at org.springframework.security.web.context.SecurityContextPersistenceFilter.doFilter(SecurityContextPersistenceFilter.java:112) ~[spring-security-web-5.7.6.jar:5.7.6]
	at org.springframework.security.web.context.SecurityContextPersistenceFilter.doFilter(SecurityContextPersistenceFilter.java:82) ~[spring-security-web-5.7.6.jar:5.7.6]
	at org.springframework.security.web.FilterChainProxy$VirtualFilterChain.doFilter(FilterChainProxy.java:346) ~[spring-security-web-5.7.6.jar:5.7.6]
	at org.springframework.security.web.context.request.async.WebAsyncManagerIntegrationFilter.doFilterInternal(WebAsyncManagerIntegrationFilter.java:55) ~[spring-security-web-5.7.6.jar:5.7.6]
	at org.springframework.web.filter.OncePerRequestFilter.doFilter(OncePerRequestFilter.java:117) ~[spring-web-5.3.25.jar:5.3.25]
	at org.springframework.security.web.FilterChainProxy$VirtualFilterChain.doFilter(FilterChainProxy.java:346) ~[spring-security-web-5.7.6.jar:5.7.6]
	at org.springframework.security.web.session.DisableEncodeUrlFilter.doFilterInternal(DisableEncodeUrlFilter.java:42) ~[spring-security-web-5.7.6.jar:5.7.6]
	at org.springframework.web.filter.OncePerRequestFilter.doFilter(OncePerRequestFilter.java:117) ~[spring-web-5.3.25.jar:5.3.25]
	at org.springframework.security.web.FilterChainProxy$VirtualFilterChain.doFilter(FilterChainProxy.java:346) ~[spring-security-web-5.7.6.jar:5.7.6]
	at org.springframework.security.web.FilterChainProxy.doFilterInternal(FilterChainProxy.java:221) ~[spring-security-web-5.7.6.jar:5.7.6]
	at org.springframework.security.web.FilterChainProxy.doFilter(FilterChainProxy.java:186) ~[spring-security-web-5.7.6.jar:5.7.6]
	at org.springframework.web.filter.DelegatingFilterProxy.invokeDelegate(DelegatingFilterProxy.java:354) ~[spring-web-5.3.25.jar:5.3.25]
	at org.springframework.web.filter.DelegatingFilterProxy.doFilter(DelegatingFilterProxy.java:267) ~[spring-web-5.3.25.jar:5.3.25]
	at org.apache.catalina.core.ApplicationFilterChain.internalDoFilter(ApplicationFilterChain.java:189) ~[tomcat-embed-core-9.0.71.jar:9.0.71]
	at org.apache.catalina.core.ApplicationFilterChain.doFilter(ApplicationFilterChain.java:162) ~[tomcat-embed-core-9.0.71.jar:9.0.71]
	at org.springframework.web.filter.RequestContextFilter.doFilterInternal(RequestContextFilter.java:100) ~[spring-web-5.3.25.jar:5.3.25]
	at org.springframework.web.filter.OncePerRequestFilter.doFilter(OncePerRequestFilter.java:117) ~[spring-web-5.3.25.jar:5.3.25]
	at org.apache.catalina.core.ApplicationFilterChain.internalDoFilter(ApplicationFilterChain.java:189) ~[tomcat-embed-core-9.0.71.jar:9.0.71]
	at org.apache.catalina.core.ApplicationFilterChain.doFilter(ApplicationFilterChain.java:162) ~[tomcat-embed-core-9.0.71.jar:9.0.71]
	at org.springframework.web.filter.FormContentFilter.doFilterInternal(FormContentFilter.java:93) ~[spring-web-5.3.25.jar:5.3.25]
	at org.springframework.web.filter.OncePerRequestFilter.doFilter(OncePerRequestFilter.java:117) ~[spring-web-5.3.25.jar:5.3.25]
	at org.apache.catalina.core.ApplicationFilterChain.internalDoFilter(ApplicationFilterChain.java:189) ~[tomcat-embed-core-9.0.71.jar:9.0.71]
	at org.apache.catalina.core.ApplicationFilterChain.doFilter(ApplicationFilterChain.java:162) ~[tomcat-embed-core-9.0.71.jar:9.0.71]
	at org.springframework.boot.actuate.metrics.web.servlet.WebMvcMetricsFilter.doFilterInternal(WebMvcMetricsFilter.java:96) ~[spring-boot-actuator-2.7.8.jar:2.7.8]
	at org.springframework.web.filter.OncePerRequestFilter.doFilter(OncePerRequestFilter.java:117) ~[spring-web-5.3.25.jar:5.3.25]
	at org.apache.catalina.core.ApplicationFilterChain.internalDoFilter(ApplicationFilterChain.java:189) ~[tomcat-embed-core-9.0.71.jar:9.0.71]
	at org.apache.catalina.core.ApplicationFilterChain.doFilter(ApplicationFilterChain.java:162) ~[tomcat-embed-core-9.0.71.jar:9.0.71]
	at org.springframework.web.filter.CharacterEncodingFilter.doFilterInternal(CharacterEncodingFilter.java:201) ~[spring-web-5.3.25.jar:5.3.25]
	at org.springframework.web.filter.OncePerRequestFilter.doFilter(OncePerRequestFilter.java:117) ~[spring-web-5.3.25.jar:5.3.25]
	at org.apache.catalina.core.ApplicationFilterChain.internalDoFilter(ApplicationFilterChain.java:189) ~[tomcat-embed-core-9.0.71.jar:9.0.71]
	at org.apache.catalina.core.ApplicationFilterChain.doFilter(ApplicationFilterChain.java:162) ~[tomcat-embed-core-9.0.71.jar:9.0.71]
	at org.apache.catalina.core.StandardWrapperValve.invoke(StandardWrapperValve.java:177) ~[tomcat-embed-core-9.0.71.jar:9.0.71]
	at org.apache.catalina.core.StandardContextValve.invoke(StandardContextValve.java:97) ~[tomcat-embed-core-9.0.71.jar:9.0.71]
	at org.apache.catalina.authenticator.AuthenticatorBase.invoke(AuthenticatorBase.java:541) ~[tomcat-embed-core-9.0.71.jar:9.0.71]
	at org.apache.catalina.core.StandardHostValve.invoke(StandardHostValve.java:135) ~[tomcat-embed-core-9.0.71.jar:9.0.71]
	at org.apache.catalina.valves.ErrorReportValve.invoke(ErrorReportValve.java:92) ~[tomcat-embed-core-9.0.71.jar:9.0.71]
	at org.apache.catalina.core.StandardEngineValve.invoke(StandardEngineValve.java:78) ~[tomcat-embed-core-9.0.71.jar:9.0.71]
	at org.apache.catalina.connector.CoyoteAdapter.service(CoyoteAdapter.java:360) ~[tomcat-embed-core-9.0.71.jar:9.0.71]
	at org.apache.coyote.http11.Http11Processor.service(Http11Processor.java:399) ~[tomcat-embed-core-9.0.71.jar:9.0.71]
	at org.apache.coyote.AbstractProcessorLight.process(AbstractProcessorLight.java:65) ~[tomcat-embed-core-9.0.71.jar:9.0.71]
	at org.apache.coyote.AbstractProtocol$ConnectionHandler.process(AbstractProtocol.java:891) ~[tomcat-embed-core-9.0.71.jar:9.0.71]
	at org.apache.tomcat.util.net.NioEndpoint$SocketProcessor.doRun(NioEndpoint.java:1784) ~[tomcat-embed-core-9.0.71.jar:9.0.71]
	at org.apache.tomcat.util.net.SocketProcessorBase.run(SocketProcessorBase.java:49) ~[tomcat-embed-core-9.0.71.jar:9.0.71]
	at org.apache.tomcat.util.threads.ThreadPoolExecutor.runWorker(ThreadPoolExecutor.java:1191) ~[tomcat-embed-core-9.0.71.jar:9.0.71]
	at org.apache.tomcat.util.threads.ThreadPoolExecutor$Worker.run(ThreadPoolExecutor.java:659) ~[tomcat-embed-core-9.0.71.jar:9.0.71]
	at org.apache.tomcat.util.threads.TaskThread$WrappingRunnable.run(TaskThread.java:61) ~[tomcat-embed-core-9.0.71.jar:9.0.71]
	at java.base/java.lang.Thread.run(Thread.java:1589) ~[na:na]
Caused by: io.jsonwebtoken.SignatureException: JWT signature does not match locally computed signature. JWT validity cannot be asserted and should not be trusted.
	at io.jsonwebtoken.impl.DefaultJwtParser.parse(DefaultJwtParser.java:354) ~[jjwt-0.9.1.jar:0.9.1]
	at io.jsonwebtoken.impl.DefaultJwtParser.parse(DefaultJwtParser.java:481) ~[jjwt-0.9.1.jar:0.9.1]
	at io.jsonwebtoken.impl.DefaultJwtParser.parseClaimsJws(DefaultJwtParser.java:541) ~[jjwt-0.9.1.jar:0.9.1]
	at com.pws.admin.jwtconfiguration.JwtUtil.validateToken(JwtUtil.java:67) ~[classes/:na]
	... 57 common frames omitted

2023-03-31 15:44:27.875  INFO 12660 --- [AsyncResolver-bootstrap-executor-0] c.n.d.s.r.aws.ConfigClusterResolver      : Resolving eureka endpoints via configuration
2023-03-31 15:49:27.876  INFO 12660 --- [AsyncResolver-bootstrap-executor-0] c.n.d.s.r.aws.ConfigClusterResolver      : Resolving eureka endpoints via configuration
2023-03-31 15:54:27.877  INFO 12660 --- [AsyncResolver-bootstrap-executor-0] c.n.d.s.r.aws.ConfigClusterResolver      : Resolving eureka endpoints via configuration
2023-03-31 15:59:27.878  INFO 12660 --- [AsyncResolver-bootstrap-executor-0] c.n.d.s.r.aws.ConfigClusterResolver      : Resolving eureka endpoints via configuration
2023-03-31 16:04:27.879  INFO 12660 --- [AsyncResolver-bootstrap-executor-0] c.n.d.s.r.aws.ConfigClusterResolver      : Resolving eureka endpoints via configuration
2023-03-31 16:09:27.880  INFO 12660 --- [AsyncResolver-bootstrap-executor-0] c.n.d.s.r.aws.ConfigClusterResolver      : Resolving eureka endpoints via configuration
2023-03-31 16:14:27.881  INFO 12660 --- [AsyncResolver-bootstrap-executor-0] c.n.d.s.r.aws.ConfigClusterResolver      : Resolving eureka endpoints via configuration
