2023-03-03 10:35:38.633  INFO 7314 --- [main] com.pws.admin.AdminApplication           : Starting AdminApplication using Java 19.0.2 with PID 7314 (/home/user/Downloads/admin/target/classes started by user in /home/user/Downloads/admin)
2023-03-03 10:35:38.639  INFO 7314 --- [main] com.pws.admin.AdminApplication           : No active profile set, falling back to 1 default profile: "default"
2023-03-03 10:35:39.886  INFO 7314 --- [main] .s.d.r.c.RepositoryConfigurationDelegate : Bootstrapping Spring Data JPA repositories in DEFAULT mode.
2023-03-03 10:35:39.910  INFO 7314 --- [main] .s.d.r.c.RepositoryConfigurationDelegate : Finished Spring Data repository scanning in 9 ms. Found 0 JPA repository interfaces.
2023-03-03 10:35:40.790  INFO 7314 --- [main] o.s.b.w.embedded.tomcat.TomcatWebServer  : Tomcat initialized with port(s): 8082 (http)
2023-03-03 10:35:40.808  INFO 7314 --- [main] o.apache.catalina.core.StandardService   : Starting service [Tomcat]
2023-03-03 10:35:40.809  INFO 7314 --- [main] org.apache.catalina.core.StandardEngine  : Starting Servlet engine: [Apache Tomcat/9.0.71]
2023-03-03 10:35:40.950  INFO 7314 --- [main] o.a.c.c.C.[Tomcat].[localhost].[/]       : Initializing Spring embedded WebApplicationContext
2023-03-03 10:35:40.951  INFO 7314 --- [main] w.s.c.ServletWebServerApplicationContext : Root WebApplicationContext: initialization completed in 2144 ms
2023-03-03 10:35:41.252  INFO 7314 --- [main] o.hibernate.jpa.internal.util.LogHelper  : HHH000204: Processing PersistenceUnitInfo [name: default]
2023-03-03 10:35:41.319  INFO 7314 --- [main] org.hibernate.Version                    : HHH000412: Hibernate ORM core version 5.6.14.Final
2023-03-03 10:35:41.554  INFO 7314 --- [main] o.hibernate.annotations.common.Version   : HCANN000001: Hibernate Commons Annotations {5.1.2.Final}
2023-03-03 10:35:41.670  INFO 7314 --- [main] com.zaxxer.hikari.HikariDataSource       : HikariPool-1 - Starting...
2023-03-03 10:35:42.097  INFO 7314 --- [main] com.zaxxer.hikari.HikariDataSource       : HikariPool-1 - Start completed.
2023-03-03 10:35:42.116  INFO 7314 --- [main] org.hibernate.dialect.Dialect            : HHH000400: Using dialect: org.hibernate.dialect.MySQL5Dialect
2023-03-03 10:35:42.493  INFO 7314 --- [main] o.h.e.t.j.p.i.JtaPlatformInitiator       : HHH000490: Using JtaPlatform implementation: [org.hibernate.engine.transaction.jta.platform.internal.NoJtaPlatform]
2023-03-03 10:35:42.505  INFO 7314 --- [main] j.LocalContainerEntityManagerFactoryBean : Initialized JPA EntityManagerFactory for persistence unit 'default'
2023-03-03 10:35:42.576  WARN 7314 --- [main] JpaBaseConfiguration$JpaWebConfiguration : spring.jpa.open-in-view is enabled by default. Therefore, database queries may be performed during view rendering. Explicitly configure spring.jpa.open-in-view to disable this warning
2023-03-03 10:35:43.067  INFO 7314 --- [main] o.s.b.w.embedded.tomcat.TomcatWebServer  : Tomcat started on port(s): 8082 (http) with context path ''
2023-03-03 10:35:43.083  INFO 7314 --- [main] com.pws.admin.AdminApplication           : Started AdminApplication in 5.578 seconds (JVM running for 6.357)
2023-03-03 10:38:37.509  INFO 7314 --- [SpringApplicationShutdownHook] j.LocalContainerEntityManagerFactoryBean : Closing JPA EntityManagerFactory for persistence unit 'default'
2023-03-03 10:38:37.514  INFO 7314 --- [SpringApplicationShutdownHook] com.zaxxer.hikari.HikariDataSource       : HikariPool-1 - Shutdown initiated...
2023-03-03 10:38:37.525  INFO 7314 --- [SpringApplicationShutdownHook] com.zaxxer.hikari.HikariDataSource       : HikariPool-1 - Shutdown completed.
2023-03-03 10:38:41.298  INFO 7606 --- [main] com.pws.admin.AdminApplication           : Starting AdminApplication using Java 19.0.2 with PID 7606 (/home/user/Downloads/admin/target/classes started by user in /home/user/Downloads/admin)
2023-03-03 10:38:41.303  INFO 7606 --- [main] com.pws.admin.AdminApplication           : No active profile set, falling back to 1 default profile: "default"
2023-03-03 10:38:42.433  INFO 7606 --- [main] .s.d.r.c.RepositoryConfigurationDelegate : Bootstrapping Spring Data JPA repositories in DEFAULT mode.
2023-03-03 10:38:42.456  INFO 7606 --- [main] .s.d.r.c.RepositoryConfigurationDelegate : Finished Spring Data repository scanning in 7 ms. Found 0 JPA repository interfaces.
2023-03-03 10:38:43.216  INFO 7606 --- [main] o.s.b.w.embedded.tomcat.TomcatWebServer  : Tomcat initialized with port(s): 8082 (http)
2023-03-03 10:38:43.228  INFO 7606 --- [main] o.apache.catalina.core.StandardService   : Starting service [Tomcat]
2023-03-03 10:38:43.229  INFO 7606 --- [main] org.apache.catalina.core.StandardEngine  : Starting Servlet engine: [Apache Tomcat/9.0.71]
2023-03-03 10:38:43.343  INFO 7606 --- [main] o.a.c.c.C.[Tomcat].[localhost].[/]       : Initializing Spring embedded WebApplicationContext
2023-03-03 10:38:43.343  INFO 7606 --- [main] w.s.c.ServletWebServerApplicationContext : Root WebApplicationContext: initialization completed in 1942 ms
2023-03-03 10:38:43.654  INFO 7606 --- [main] o.hibernate.jpa.internal.util.LogHelper  : HHH000204: Processing PersistenceUnitInfo [name: default]
2023-03-03 10:38:43.694  INFO 7606 --- [main] org.hibernate.Version                    : HHH000412: Hibernate ORM core version 5.6.14.Final
2023-03-03 10:38:43.900  INFO 7606 --- [main] o.hibernate.annotations.common.Version   : HCANN000001: Hibernate Commons Annotations {5.1.2.Final}
2023-03-03 10:38:44.041  INFO 7606 --- [main] com.zaxxer.hikari.HikariDataSource       : HikariPool-1 - Starting...
2023-03-03 10:38:44.551  INFO 7606 --- [main] com.zaxxer.hikari.HikariDataSource       : HikariPool-1 - Start completed.
2023-03-03 10:38:44.567  INFO 7606 --- [main] org.hibernate.dialect.Dialect            : HHH000400: Using dialect: org.hibernate.dialect.MySQL5Dialect
2023-03-03 10:38:44.901  INFO 7606 --- [main] o.h.e.t.j.p.i.JtaPlatformInitiator       : HHH000490: Using JtaPlatform implementation: [org.hibernate.engine.transaction.jta.platform.internal.NoJtaPlatform]
2023-03-03 10:38:44.923  INFO 7606 --- [main] j.LocalContainerEntityManagerFactoryBean : Initialized JPA EntityManagerFactory for persistence unit 'default'
2023-03-03 10:38:45.070  WARN 7606 --- [main] JpaBaseConfiguration$JpaWebConfiguration : spring.jpa.open-in-view is enabled by default. Therefore, database queries may be performed during view rendering. Explicitly configure spring.jpa.open-in-view to disable this warning
2023-03-03 10:38:45.697  INFO 7606 --- [main] o.s.b.w.embedded.tomcat.TomcatWebServer  : Tomcat started on port(s): 8082 (http) with context path ''
2023-03-03 10:38:45.716  INFO 7606 --- [main] com.pws.admin.AdminApplication           : Started AdminApplication in 5.555 seconds (JVM running for 6.439)
2023-03-03 10:39:36.612  INFO 7606 --- [SpringApplicationShutdownHook] j.LocalContainerEntityManagerFactoryBean : Closing JPA EntityManagerFactory for persistence unit 'default'
2023-03-03 10:39:36.616  INFO 7606 --- [SpringApplicationShutdownHook] com.zaxxer.hikari.HikariDataSource       : HikariPool-1 - Shutdown initiated...
2023-03-03 10:39:36.645  INFO 7606 --- [SpringApplicationShutdownHook] com.zaxxer.hikari.HikariDataSource       : HikariPool-1 - Shutdown completed.
2023-03-03 10:41:22.998  INFO 7826 --- [main] com.pws.admin.AdminApplication           : Starting AdminApplication using Java 19.0.2 with PID 7826 (/home/user/Downloads/admin/target/classes started by user in /home/user/Downloads/admin)
2023-03-03 10:41:23.002  INFO 7826 --- [main] com.pws.admin.AdminApplication           : No active profile set, falling back to 1 default profile: "default"
2023-03-03 10:41:24.068  INFO 7826 --- [main] .s.d.r.c.RepositoryConfigurationDelegate : Bootstrapping Spring Data JPA repositories in DEFAULT mode.
2023-03-03 10:41:24.089  INFO 7826 --- [main] .s.d.r.c.RepositoryConfigurationDelegate : Finished Spring Data repository scanning in 6 ms. Found 0 JPA repository interfaces.
2023-03-03 10:41:24.925  INFO 7826 --- [main] o.s.b.w.embedded.tomcat.TomcatWebServer  : Tomcat initialized with port(s): 8082 (http)
2023-03-03 10:41:24.941  INFO 7826 --- [main] o.apache.catalina.core.StandardService   : Starting service [Tomcat]
2023-03-03 10:41:24.941  INFO 7826 --- [main] org.apache.catalina.core.StandardEngine  : Starting Servlet engine: [Apache Tomcat/9.0.71]
2023-03-03 10:41:25.065  INFO 7826 --- [main] o.a.c.c.C.[Tomcat].[localhost].[/]       : Initializing Spring embedded WebApplicationContext
2023-03-03 10:41:25.069  INFO 7826 --- [main] w.s.c.ServletWebServerApplicationContext : Root WebApplicationContext: initialization completed in 1919 ms
2023-03-03 10:41:25.394  INFO 7826 --- [main] o.hibernate.jpa.internal.util.LogHelper  : HHH000204: Processing PersistenceUnitInfo [name: default]
2023-03-03 10:41:25.452  INFO 7826 --- [main] org.hibernate.Version                    : HHH000412: Hibernate ORM core version 5.6.14.Final
2023-03-03 10:41:25.616  INFO 7826 --- [main] o.hibernate.annotations.common.Version   : HCANN000001: Hibernate Commons Annotations {5.1.2.Final}
2023-03-03 10:41:25.722  INFO 7826 --- [main] com.zaxxer.hikari.HikariDataSource       : HikariPool-1 - Starting...
2023-03-03 10:41:26.106  INFO 7826 --- [main] com.zaxxer.hikari.HikariDataSource       : HikariPool-1 - Start completed.
2023-03-03 10:41:26.121  INFO 7826 --- [main] org.hibernate.dialect.Dialect            : HHH000400: Using dialect: org.hibernate.dialect.MySQL5Dialect
2023-03-03 10:41:26.951  INFO 7826 --- [main] o.h.e.t.j.p.i.JtaPlatformInitiator       : HHH000490: Using JtaPlatform implementation: [org.hibernate.engine.transaction.jta.platform.internal.NoJtaPlatform]
2023-03-03 10:41:26.961  INFO 7826 --- [main] j.LocalContainerEntityManagerFactoryBean : Initialized JPA EntityManagerFactory for persistence unit 'default'
2023-03-03 10:41:27.021  WARN 7826 --- [main] JpaBaseConfiguration$JpaWebConfiguration : spring.jpa.open-in-view is enabled by default. Therefore, database queries may be performed during view rendering. Explicitly configure spring.jpa.open-in-view to disable this warning
2023-03-03 10:41:27.607  INFO 7826 --- [main] o.s.b.w.embedded.tomcat.TomcatWebServer  : Tomcat started on port(s): 8082 (http) with context path ''
2023-03-03 10:41:27.623  INFO 7826 --- [main] com.pws.admin.AdminApplication           : Started AdminApplication in 5.565 seconds (JVM running for 6.282)
2023-03-03 10:42:22.131  INFO 7826 --- [SpringApplicationShutdownHook] j.LocalContainerEntityManagerFactoryBean : Closing JPA EntityManagerFactory for persistence unit 'default'
2023-03-03 10:42:22.135  INFO 7826 --- [SpringApplicationShutdownHook] com.zaxxer.hikari.HikariDataSource       : HikariPool-1 - Shutdown initiated...
2023-03-03 10:42:22.166  INFO 7826 --- [SpringApplicationShutdownHook] com.zaxxer.hikari.HikariDataSource       : HikariPool-1 - Shutdown completed.
2023-03-03 10:42:27.997  INFO 7931 --- [main] com.pws.admin.AdminApplication           : Starting AdminApplication using Java 19.0.2 with PID 7931 (/home/user/Downloads/admin/target/classes started by user in /home/user/Downloads/admin)
2023-03-03 10:42:28.004  INFO 7931 --- [main] com.pws.admin.AdminApplication           : No active profile set, falling back to 1 default profile: "default"
2023-03-03 10:42:29.057  INFO 7931 --- [main] .s.d.r.c.RepositoryConfigurationDelegate : Bootstrapping Spring Data JPA repositories in DEFAULT mode.
2023-03-03 10:42:29.076  INFO 7931 --- [main] .s.d.r.c.RepositoryConfigurationDelegate : Finished Spring Data repository scanning in 7 ms. Found 0 JPA repository interfaces.
2023-03-03 10:42:29.947  INFO 7931 --- [main] o.s.b.w.embedded.tomcat.TomcatWebServer  : Tomcat initialized with port(s): 8082 (http)
2023-03-03 10:42:29.965  INFO 7931 --- [main] o.apache.catalina.core.StandardService   : Starting service [Tomcat]
2023-03-03 10:42:29.966  INFO 7931 --- [main] org.apache.catalina.core.StandardEngine  : Starting Servlet engine: [Apache Tomcat/9.0.71]
2023-03-03 10:42:30.091  INFO 7931 --- [main] o.a.c.c.C.[Tomcat].[localhost].[/]       : Initializing Spring embedded WebApplicationContext
2023-03-03 10:42:30.092  INFO 7931 --- [main] w.s.c.ServletWebServerApplicationContext : Root WebApplicationContext: initialization completed in 1982 ms
2023-03-03 10:42:30.401  INFO 7931 --- [main] o.hibernate.jpa.internal.util.LogHelper  : HHH000204: Processing PersistenceUnitInfo [name: default]
2023-03-03 10:42:30.459  INFO 7931 --- [main] org.hibernate.Version                    : HHH000412: Hibernate ORM core version 5.6.14.Final
2023-03-03 10:42:30.623  INFO 7931 --- [main] o.hibernate.annotations.common.Version   : HCANN000001: Hibernate Commons Annotations {5.1.2.Final}
2023-03-03 10:42:30.746  INFO 7931 --- [main] com.zaxxer.hikari.HikariDataSource       : HikariPool-1 - Starting...
2023-03-03 10:42:31.170  INFO 7931 --- [main] com.zaxxer.hikari.HikariDataSource       : HikariPool-1 - Start completed.
2023-03-03 10:42:31.185  INFO 7931 --- [main] org.hibernate.dialect.Dialect            : HHH000400: Using dialect: org.hibernate.dialect.MySQL5Dialect
2023-03-03 10:42:32.061  INFO 7931 --- [main] o.h.e.t.j.p.i.JtaPlatformInitiator       : HHH000490: Using JtaPlatform implementation: [org.hibernate.engine.transaction.jta.platform.internal.NoJtaPlatform]
2023-03-03 10:42:32.071  INFO 7931 --- [main] j.LocalContainerEntityManagerFactoryBean : Initialized JPA EntityManagerFactory for persistence unit 'default'
2023-03-03 10:42:32.158  WARN 7931 --- [main] JpaBaseConfiguration$JpaWebConfiguration : spring.jpa.open-in-view is enabled by default. Therefore, database queries may be performed during view rendering. Explicitly configure spring.jpa.open-in-view to disable this warning
2023-03-03 10:42:32.596  INFO 7931 --- [main] o.s.b.w.embedded.tomcat.TomcatWebServer  : Tomcat started on port(s): 8082 (http) with context path ''
2023-03-03 10:42:32.609  INFO 7931 --- [main] com.pws.admin.AdminApplication           : Started AdminApplication in 5.672 seconds (JVM running for 6.412)
2023-03-03 11:17:43.343  INFO 7931 --- [SpringApplicationShutdownHook] j.LocalContainerEntityManagerFactoryBean : Closing JPA EntityManagerFactory for persistence unit 'default'
2023-03-03 11:17:43.345  INFO 7931 --- [SpringApplicationShutdownHook] com.zaxxer.hikari.HikariDataSource       : HikariPool-1 - Shutdown initiated...
2023-03-03 11:17:43.357  INFO 7931 --- [SpringApplicationShutdownHook] com.zaxxer.hikari.HikariDataSource       : HikariPool-1 - Shutdown completed.
